[1.306s] DEBUG:colcon:Command line arguments: ['/usr/bin/colcon', 'build']
[1.306s] DEBUG:colcon:Parsed command line arguments: Namespace(log_base=None, log_level=None, verb_name='build', build_base='build', install_base='install', merge_install=False, symlink_install=False, test_result_base=None, continue_on_error=False, executor='parallel', parallel_workers=1, event_handlers=None, ignore_user_meta=False, metas=['./colcon.meta'], base_paths=['.'], packages_ignore=None, packages_ignore_regex=None, paths=None, packages_up_to=None, packages_up_to_regex=None, packages_above=None, packages_above_and_dependencies=None, packages_above_depth=None, packages_select_by_dep=None, packages_skip_by_dep=None, packages_skip_up_to=None, packages_select_build_failed=False, packages_skip_build_finished=False, packages_select_test_failures=False, packages_skip_test_passed=False, packages_select=None, packages_skip=None, packages_select_regex=None, packages_skip_regex=None, packages_start=None, packages_end=None, allow_overriding=[], cmake_args=None, cmake_target=None, cmake_target_skip_unavailable=False, cmake_clean_cache=False, cmake_clean_first=False, cmake_force_configure=False, ament_cmake_args=None, catkin_cmake_args=None, catkin_skip_building_tests=False, mixin_files=None, mixin=None, verb_parser=<colcon_mixin.mixin.mixin_argument.MixinArgumentDecorator object at 0x758fb2541150>, verb_extension=<colcon_core.verb.build.BuildVerb object at 0x758fb2540790>, main=<bound method BuildVerb.main of <colcon_core.verb.build.BuildVerb object at 0x758fb2540790>>, mixin_verb=('build',))
[2.241s] Level 1:colcon.colcon_core.package_discovery:discover_packages(colcon_meta) check parameters
[2.241s] Level 1:colcon.colcon_core.package_discovery:discover_packages(recursive) check parameters
[2.241s] Level 1:colcon.colcon_core.package_discovery:discover_packages(ignore) check parameters
[2.241s] Level 1:colcon.colcon_core.package_discovery:discover_packages(path) check parameters
[2.241s] Level 1:colcon.colcon_core.package_discovery:discover_packages(colcon_meta) discover
[2.241s] Level 1:colcon.colcon_core.package_discovery:discover_packages(recursive) discover
[2.241s] INFO:colcon.colcon_core.package_discovery:Crawling recursively for packages in '/home/ibti/ros2_ws'
[2.241s] Level 1:colcon.colcon_core.package_identification:_identify(.) by extensions ['ignore', 'ignore_ament_install']
[2.242s] Level 1:colcon.colcon_core.package_identification:_identify(.) by extension 'ignore'
[2.242s] Level 1:colcon.colcon_core.package_identification:_identify(.) by extension 'ignore_ament_install'
[2.242s] Level 1:colcon.colcon_core.package_identification:_identify(.) by extensions ['colcon_pkg']
[2.242s] Level 1:colcon.colcon_core.package_identification:_identify(.) by extension 'colcon_pkg'
[2.242s] Level 1:colcon.colcon_core.package_identification:_identify(.) by extensions ['colcon_meta']
[2.242s] Level 1:colcon.colcon_core.package_identification:_identify(.) by extension 'colcon_meta'
[2.242s] Level 1:colcon.colcon_core.package_identification:_identify(.) by extensions ['ros']
[2.242s] Level 1:colcon.colcon_core.package_identification:_identify(.) by extension 'ros'
[2.337s] Level 1:colcon.colcon_core.package_identification:_identify(.) by extensions ['cmake', 'python']
[2.337s] Level 1:colcon.colcon_core.package_identification:_identify(.) by extension 'cmake'
[2.337s] Level 1:colcon.colcon_core.package_identification:_identify(.) by extension 'python'
[2.337s] Level 1:colcon.colcon_core.package_identification:_identify(.) by extensions ['python_setup_py']
[2.338s] Level 1:colcon.colcon_core.package_identification:_identify(.) by extension 'python_setup_py'
[2.350s] Level 1:colcon.colcon_core.package_identification:_identify(build) by extensions ['ignore', 'ignore_ament_install']
[2.350s] Level 1:colcon.colcon_core.package_identification:_identify(build) by extension 'ignore'
[2.350s] Level 1:colcon.colcon_core.package_identification:_identify(build) ignored
[2.350s] Level 1:colcon.colcon_core.package_identification:_identify(install) by extensions ['ignore', 'ignore_ament_install']
[2.351s] Level 1:colcon.colcon_core.package_identification:_identify(install) by extension 'ignore'
[2.351s] Level 1:colcon.colcon_core.package_identification:_identify(install) ignored
[2.351s] Level 1:colcon.colcon_core.package_identification:_identify(log) by extensions ['ignore', 'ignore_ament_install']
[2.351s] Level 1:colcon.colcon_core.package_identification:_identify(log) by extension 'ignore'
[2.351s] Level 1:colcon.colcon_core.package_identification:_identify(log) ignored
[2.352s] Level 1:colcon.colcon_core.package_identification:_identify(src) by extensions ['ignore', 'ignore_ament_install']
[2.352s] Level 1:colcon.colcon_core.package_identification:_identify(src) by extension 'ignore'
[2.352s] Level 1:colcon.colcon_core.package_identification:_identify(src) by extension 'ignore_ament_install'
[2.352s] Level 1:colcon.colcon_core.package_identification:_identify(src) by extensions ['colcon_pkg']
[2.352s] Level 1:colcon.colcon_core.package_identification:_identify(src) by extension 'colcon_pkg'
[2.352s] Level 1:colcon.colcon_core.package_identification:_identify(src) by extensions ['colcon_meta']
[2.352s] Level 1:colcon.colcon_core.package_identification:_identify(src) by extension 'colcon_meta'
[2.352s] Level 1:colcon.colcon_core.package_identification:_identify(src) by extensions ['ros']
[2.352s] Level 1:colcon.colcon_core.package_identification:_identify(src) by extension 'ros'
[2.352s] Level 1:colcon.colcon_core.package_identification:_identify(src) by extensions ['cmake', 'python']
[2.353s] Level 1:colcon.colcon_core.package_identification:_identify(src) by extension 'cmake'
[2.353s] Level 1:colcon.colcon_core.package_identification:_identify(src) by extension 'python'
[2.353s] Level 1:colcon.colcon_core.package_identification:_identify(src) by extensions ['python_setup_py']
[2.353s] Level 1:colcon.colcon_core.package_identification:_identify(src) by extension 'python_setup_py'
[2.353s] Level 1:colcon.colcon_core.package_identification:_identify(src/my_py_pkg) by extensions ['ignore', 'ignore_ament_install']
[2.353s] Level 1:colcon.colcon_core.package_identification:_identify(src/my_py_pkg) by extension 'ignore'
[2.353s] Level 1:colcon.colcon_core.package_identification:_identify(src/my_py_pkg) by extension 'ignore_ament_install'
[2.353s] Level 1:colcon.colcon_core.package_identification:_identify(src/my_py_pkg) by extensions ['colcon_pkg']
[2.353s] Level 1:colcon.colcon_core.package_identification:_identify(src/my_py_pkg) by extension 'colcon_pkg'
[2.353s] Level 1:colcon.colcon_core.package_identification:_identify(src/my_py_pkg) by extensions ['colcon_meta']
[2.353s] Level 1:colcon.colcon_core.package_identification:_identify(src/my_py_pkg) by extension 'colcon_meta'
[2.354s] Level 1:colcon.colcon_core.package_identification:_identify(src/my_py_pkg) by extensions ['ros']
[2.354s] Level 1:colcon.colcon_core.package_identification:_identify(src/my_py_pkg) by extension 'ros'
[2.386s] DEBUG:colcon.colcon_core.package_identification:Package 'src/my_py_pkg' with type 'ros.ament_python' and name 'my_py_pkg'
[2.386s] Level 1:colcon.colcon_core.package_discovery:discover_packages(recursive) using defaults
[2.386s] Level 1:colcon.colcon_core.package_discovery:discover_packages(ignore) discover
[2.386s] Level 1:colcon.colcon_core.package_discovery:discover_packages(ignore) using defaults
[2.386s] Level 1:colcon.colcon_core.package_discovery:discover_packages(path) discover
[2.386s] Level 1:colcon.colcon_core.package_discovery:discover_packages(path) using defaults
[2.573s] Level 1:colcon.colcon_core.package_discovery:discover_packages(prefix_path) check parameters
[2.573s] Level 1:colcon.colcon_core.package_discovery:discover_packages(prefix_path) discover
[2.609s] DEBUG:colcon.colcon_installed_package_information.package_discovery:Found 1 installed packages in /home/ibti/ros2_ws/install
[2.623s] DEBUG:colcon.colcon_installed_package_information.package_discovery:Found 271 installed packages in /opt/ros/humble
[2.625s] Level 1:colcon.colcon_core.package_discovery:discover_packages(prefix_path) using defaults
[3.128s] Level 5:colcon.colcon_core.verb:set package 'my_py_pkg' build argument 'cmake_args' from command line to 'None'
[3.128s] Level 5:colcon.colcon_core.verb:set package 'my_py_pkg' build argument 'cmake_target' from command line to 'None'
[3.128s] Level 5:colcon.colcon_core.verb:set package 'my_py_pkg' build argument 'cmake_target_skip_unavailable' from command line to 'False'
[3.128s] Level 5:colcon.colcon_core.verb:set package 'my_py_pkg' build argument 'cmake_clean_cache' from command line to 'False'
[3.128s] Level 5:colcon.colcon_core.verb:set package 'my_py_pkg' build argument 'cmake_clean_first' from command line to 'False'
[3.128s] Level 5:colcon.colcon_core.verb:set package 'my_py_pkg' build argument 'cmake_force_configure' from command line to 'False'
[3.128s] Level 5:colcon.colcon_core.verb:set package 'my_py_pkg' build argument 'ament_cmake_args' from command line to 'None'
[3.128s] Level 5:colcon.colcon_core.verb:set package 'my_py_pkg' build argument 'catkin_cmake_args' from command line to 'None'
[3.128s] Level 5:colcon.colcon_core.verb:set package 'my_py_pkg' build argument 'catkin_skip_building_tests' from command line to 'False'
[3.129s] DEBUG:colcon.colcon_core.verb:Building package 'my_py_pkg' with the following arguments: {'ament_cmake_args': None, 'build_base': '/home/ibti/ros2_ws/build/my_py_pkg', 'catkin_cmake_args': None, 'catkin_skip_building_tests': False, 'cmake_args': None, 'cmake_clean_cache': False, 'cmake_clean_first': False, 'cmake_force_configure': False, 'cmake_target': None, 'cmake_target_skip_unavailable': False, 'install_base': '/home/ibti/ros2_ws/install/my_py_pkg', 'merge_install': False, 'path': '/home/ibti/ros2_ws/src/my_py_pkg', 'symlink_install': False, 'test_result_base': None}
[3.129s] INFO:colcon.colcon_core.executor:Executing jobs using 'parallel' executor
[3.173s] DEBUG:colcon.colcon_parallel_executor.executor.parallel:run_until_complete
[3.177s] INFO:colcon.colcon_ros.task.ament_python.build:Building ROS package in '/home/ibti/ros2_ws/src/my_py_pkg' with build type 'ament_python'
[3.177s] Level 1:colcon.colcon_core.shell:create_environment_hook('my_py_pkg', 'ament_prefix_path')
[3.382s] INFO:colcon.colcon_core.plugin_system:Skipping extension 'colcon_core.shell.bat': Not used on non-Windows systems
[3.382s] INFO:colcon.colcon_core.shell:Creating environment hook '/home/ibti/ros2_ws/install/my_py_pkg/share/my_py_pkg/hook/ament_prefix_path.ps1'
[3.407s] INFO:colcon.colcon_core.shell:Creating environment descriptor '/home/ibti/ros2_ws/install/my_py_pkg/share/my_py_pkg/hook/ament_prefix_path.dsv'
[3.432s] INFO:colcon.colcon_core.shell:Creating environment hook '/home/ibti/ros2_ws/install/my_py_pkg/share/my_py_pkg/hook/ament_prefix_path.sh'
[3.452s] INFO:colcon.colcon_core.shell:Skip shell extension 'powershell' for command environment: Not usable outside of PowerShell
[3.452s] DEBUG:colcon.colcon_core.shell:Skip shell extension 'dsv' for command environment
[6.444s] INFO:colcon.colcon_core.task.python.build:Building Python package in '/home/ibti/ros2_ws/src/my_py_pkg'
[6.445s] INFO:colcon.colcon_core.shell:Skip shell extension 'powershell' for command environment: Not usable outside of PowerShell
[6.445s] DEBUG:colcon.colcon_core.shell:Skip shell extension 'dsv' for command environment
[8.184s] DEBUG:colcon.colcon_core.event_handler.log_command:Invoking command in '/home/ibti/ros2_ws/src/my_py_pkg': PYTHONPATH=/home/ibti/ros2_ws/build/my_py_pkg/prefix_override:/usr/lib/python3/dist-packages/colcon_core/task/python/colcon_distutils_commands:/home/ibti/ros2_ws/install/my_py_pkg/lib/python3.10/site-packages:${PYTHONPATH} /usr/bin/python3 -W ignore:setup.py install is deprecated -W ignore:easy_install command is deprecated setup.py egg_info --egg-base ../../build/my_py_pkg build --build-base /home/ibti/ros2_ws/build/my_py_pkg/build install --record /home/ibti/ros2_ws/build/my_py_pkg/install.log --single-version-externally-managed install_data
[9.818s] DEBUG:colcon.colcon_core.event_handler.log_command:Invoked command in '/home/ibti/ros2_ws/src/my_py_pkg' returned '0': PYTHONPATH=/home/ibti/ros2_ws/build/my_py_pkg/prefix_override:/usr/lib/python3/dist-packages/colcon_core/task/python/colcon_distutils_commands:/home/ibti/ros2_ws/install/my_py_pkg/lib/python3.10/site-packages:${PYTHONPATH} /usr/bin/python3 -W ignore:setup.py install is deprecated -W ignore:easy_install command is deprecated setup.py egg_info --egg-base ../../build/my_py_pkg build --build-base /home/ibti/ros2_ws/build/my_py_pkg/build install --record /home/ibti/ros2_ws/build/my_py_pkg/install.log --single-version-externally-managed install_data
[9.841s] Level 1:colcon.colcon_core.environment:checking '/home/ibti/ros2_ws/install/my_py_pkg' for CMake module files
[9.842s] Level 1:colcon.colcon_core.environment:checking '/home/ibti/ros2_ws/install/my_py_pkg' for CMake config files
[9.843s] Level 1:colcon.colcon_core.environment:checking '/home/ibti/ros2_ws/install/my_py_pkg/lib'
[9.843s] Level 1:colcon.colcon_core.environment:checking '/home/ibti/ros2_ws/install/my_py_pkg/bin'
[9.843s] Level 1:colcon.colcon_core.environment:checking '/home/ibti/ros2_ws/install/my_py_pkg/lib/pkgconfig/my_py_pkg.pc'
[9.844s] Level 1:colcon.colcon_core.environment:checking '/home/ibti/ros2_ws/install/my_py_pkg/lib/python3.10/site-packages'
[9.844s] Level 1:colcon.colcon_core.shell:create_environment_hook('my_py_pkg', 'pythonpath')
[9.844s] INFO:colcon.colcon_core.shell:Creating environment hook '/home/ibti/ros2_ws/install/my_py_pkg/share/my_py_pkg/hook/pythonpath.ps1'
[9.854s] INFO:colcon.colcon_core.shell:Creating environment descriptor '/home/ibti/ros2_ws/install/my_py_pkg/share/my_py_pkg/hook/pythonpath.dsv'
[9.856s] INFO:colcon.colcon_core.shell:Creating environment hook '/home/ibti/ros2_ws/install/my_py_pkg/share/my_py_pkg/hook/pythonpath.sh'
[9.859s] Level 1:colcon.colcon_core.environment:checking '/home/ibti/ros2_ws/install/my_py_pkg/bin'
[9.860s] Level 1:colcon.colcon_core.environment:create_environment_scripts_only(my_py_pkg)
[9.860s] INFO:colcon.colcon_core.shell:Creating package script '/home/ibti/ros2_ws/install/my_py_pkg/share/my_py_pkg/package.ps1'
[9.868s] INFO:colcon.colcon_core.shell:Creating package descriptor '/home/ibti/ros2_ws/install/my_py_pkg/share/my_py_pkg/package.dsv'
[9.870s] INFO:colcon.colcon_core.shell:Creating package script '/home/ibti/ros2_ws/install/my_py_pkg/share/my_py_pkg/package.sh'
[9.875s] INFO:colcon.colcon_core.shell:Creating package script '/home/ibti/ros2_ws/install/my_py_pkg/share/my_py_pkg/package.bash'
[9.883s] INFO:colcon.colcon_core.shell:Creating package script '/home/ibti/ros2_ws/install/my_py_pkg/share/my_py_pkg/package.zsh'
[9.896s] Level 1:colcon.colcon_core.environment:create_file_with_runtime_dependencies(/home/ibti/ros2_ws/install/my_py_pkg/share/colcon-core/packages/my_py_pkg)
[9.898s] DEBUG:colcon.colcon_parallel_executor.executor.parallel:closing loop
[9.898s] DEBUG:colcon.colcon_parallel_executor.executor.parallel:loop closed
[9.898s] DEBUG:colcon.colcon_parallel_executor.executor.parallel:run_until_complete finished with '0'
[9.898s] DEBUG:colcon.colcon_core.event_reactor:joining thread
[9.929s] INFO:colcon.colcon_core.plugin_system:Skipping extension 'colcon_notification.desktop_notification.terminal_notifier': Not used on non-Darwin systems
[9.929s] INFO:colcon.colcon_core.plugin_system:Skipping extension 'colcon_notification.desktop_notification.win32': Not used on non-Windows systems
[9.929s] INFO:colcon.colcon_notification.desktop_notification:Sending desktop notification using 'notify2'
[10.222s] DEBUG:colcon.colcon_core.event_reactor:joined thread
[10.222s] INFO:colcon.colcon_core.shell:Creating prefix script '/home/ibti/ros2_ws/install/local_setup.ps1'
[10.239s] INFO:colcon.colcon_core.shell:Creating prefix util module '/home/ibti/ros2_ws/install/_local_setup_util_ps1.py'
[10.247s] INFO:colcon.colcon_core.shell:Creating prefix chain script '/home/ibti/ros2_ws/install/setup.ps1'
[10.266s] INFO:colcon.colcon_core.shell:Creating prefix script '/home/ibti/ros2_ws/install/local_setup.sh'
[10.269s] INFO:colcon.colcon_core.shell:Creating prefix util module '/home/ibti/ros2_ws/install/_local_setup_util_sh.py'
[10.273s] INFO:colcon.colcon_core.shell:Creating prefix chain script '/home/ibti/ros2_ws/install/setup.sh'
[10.295s] INFO:colcon.colcon_core.shell:Creating prefix script '/home/ibti/ros2_ws/install/local_setup.bash'
[10.298s] INFO:colcon.colcon_core.shell:Creating prefix chain script '/home/ibti/ros2_ws/install/setup.bash'
[10.303s] INFO:colcon.colcon_core.shell:Creating prefix script '/home/ibti/ros2_ws/install/local_setup.zsh'
[10.313s] INFO:colcon.colcon_core.shell:Creating prefix chain script '/home/ibti/ros2_ws/install/setup.zsh'
