[0.793s] DEBUG:colcon:Command line arguments: ['/usr/bin/colcon', 'build']
[0.794s] DEBUG:colcon:Parsed command line arguments: Namespace(log_base=None, log_level=None, verb_name='build', build_base='build', install_base='install', merge_install=False, symlink_install=False, test_result_base=None, continue_on_error=False, executor='parallel', parallel_workers=1, event_handlers=None, ignore_user_meta=False, metas=['./colcon.meta'], base_paths=['.'], packages_ignore=None, packages_ignore_regex=None, paths=None, packages_up_to=None, packages_up_to_regex=None, packages_above=None, packages_above_and_dependencies=None, packages_above_depth=None, packages_select_by_dep=None, packages_skip_by_dep=None, packages_skip_up_to=None, packages_select_build_failed=False, packages_skip_build_finished=False, packages_select_test_failures=False, packages_skip_test_passed=False, packages_select=None, packages_skip=None, packages_select_regex=None, packages_skip_regex=None, packages_start=None, packages_end=None, allow_overriding=[], cmake_args=None, cmake_target=None, cmake_target_skip_unavailable=False, cmake_clean_cache=False, cmake_clean_first=False, cmake_force_configure=False, ament_cmake_args=None, catkin_cmake_args=None, catkin_skip_building_tests=False, mixin_files=None, mixin=None, verb_parser=<colcon_mixin.mixin.mixin_argument.MixinArgumentDecorator object at 0x77694b741150>, verb_extension=<colcon_core.verb.build.BuildVerb object at 0x77694b740790>, main=<bound method BuildVerb.main of <colcon_core.verb.build.BuildVerb object at 0x77694b740790>>, mixin_verb=('build',))
[1.822s] Level 1:colcon.colcon_core.package_discovery:discover_packages(colcon_meta) check parameters
[1.823s] Level 1:colcon.colcon_core.package_discovery:discover_packages(recursive) check parameters
[1.823s] Level 1:colcon.colcon_core.package_discovery:discover_packages(ignore) check parameters
[1.823s] Level 1:colcon.colcon_core.package_discovery:discover_packages(path) check parameters
[1.823s] Level 1:colcon.colcon_core.package_discovery:discover_packages(colcon_meta) discover
[1.823s] Level 1:colcon.colcon_core.package_discovery:discover_packages(recursive) discover
[1.823s] INFO:colcon.colcon_core.package_discovery:Crawling recursively for packages in '/home/ibti/ros2_ws'
[1.823s] Level 1:colcon.colcon_core.package_identification:_identify(.) by extensions ['ignore', 'ignore_ament_install']
[1.835s] Level 1:colcon.colcon_core.package_identification:_identify(.) by extension 'ignore'
[1.835s] Level 1:colcon.colcon_core.package_identification:_identify(.) by extension 'ignore_ament_install'
[1.835s] Level 1:colcon.colcon_core.package_identification:_identify(.) by extensions ['colcon_pkg']
[1.835s] Level 1:colcon.colcon_core.package_identification:_identify(.) by extension 'colcon_pkg'
[1.835s] Level 1:colcon.colcon_core.package_identification:_identify(.) by extensions ['colcon_meta']
[1.835s] Level 1:colcon.colcon_core.package_identification:_identify(.) by extension 'colcon_meta'
[1.835s] Level 1:colcon.colcon_core.package_identification:_identify(.) by extensions ['ros']
[1.835s] Level 1:colcon.colcon_core.package_identification:_identify(.) by extension 'ros'
[1.935s] Level 1:colcon.colcon_core.package_identification:_identify(.) by extensions ['cmake', 'python']
[1.936s] Level 1:colcon.colcon_core.package_identification:_identify(.) by extension 'cmake'
[1.936s] Level 1:colcon.colcon_core.package_identification:_identify(.) by extension 'python'
[1.936s] Level 1:colcon.colcon_core.package_identification:_identify(.) by extensions ['python_setup_py']
[1.936s] Level 1:colcon.colcon_core.package_identification:_identify(.) by extension 'python_setup_py'
[1.936s] Level 1:colcon.colcon_core.package_identification:_identify(build) by extensions ['ignore', 'ignore_ament_install']
[1.936s] Level 1:colcon.colcon_core.package_identification:_identify(build) by extension 'ignore'
[1.936s] Level 1:colcon.colcon_core.package_identification:_identify(build) ignored
[1.937s] Level 1:colcon.colcon_core.package_identification:_identify(install) by extensions ['ignore', 'ignore_ament_install']
[1.937s] Level 1:colcon.colcon_core.package_identification:_identify(install) by extension 'ignore'
[1.937s] Level 1:colcon.colcon_core.package_identification:_identify(install) ignored
[1.937s] Level 1:colcon.colcon_core.package_identification:_identify(log) by extensions ['ignore', 'ignore_ament_install']
[1.937s] Level 1:colcon.colcon_core.package_identification:_identify(log) by extension 'ignore'
[1.937s] Level 1:colcon.colcon_core.package_identification:_identify(log) ignored
[1.937s] Level 1:colcon.colcon_core.package_identification:_identify(src) by extensions ['ignore', 'ignore_ament_install']
[1.937s] Level 1:colcon.colcon_core.package_identification:_identify(src) by extension 'ignore'
[1.938s] Level 1:colcon.colcon_core.package_identification:_identify(src) by extension 'ignore_ament_install'
[1.938s] Level 1:colcon.colcon_core.package_identification:_identify(src) by extensions ['colcon_pkg']
[1.938s] Level 1:colcon.colcon_core.package_identification:_identify(src) by extension 'colcon_pkg'
[1.938s] Level 1:colcon.colcon_core.package_identification:_identify(src) by extensions ['colcon_meta']
[1.938s] Level 1:colcon.colcon_core.package_identification:_identify(src) by extension 'colcon_meta'
[1.938s] Level 1:colcon.colcon_core.package_identification:_identify(src) by extensions ['ros']
[1.938s] Level 1:colcon.colcon_core.package_identification:_identify(src) by extension 'ros'
[1.938s] Level 1:colcon.colcon_core.package_identification:_identify(src) by extensions ['cmake', 'python']
[1.938s] Level 1:colcon.colcon_core.package_identification:_identify(src) by extension 'cmake'
[1.938s] Level 1:colcon.colcon_core.package_identification:_identify(src) by extension 'python'
[1.938s] Level 1:colcon.colcon_core.package_identification:_identify(src) by extensions ['python_setup_py']
[1.938s] Level 1:colcon.colcon_core.package_identification:_identify(src) by extension 'python_setup_py'
[1.940s] Level 1:colcon.colcon_core.package_identification:_identify(src/my_cpp_pkg) by extensions ['ignore', 'ignore_ament_install']
[1.940s] Level 1:colcon.colcon_core.package_identification:_identify(src/my_cpp_pkg) by extension 'ignore'
[1.940s] Level 1:colcon.colcon_core.package_identification:_identify(src/my_cpp_pkg) by extension 'ignore_ament_install'
[1.940s] Level 1:colcon.colcon_core.package_identification:_identify(src/my_cpp_pkg) by extensions ['colcon_pkg']
[1.940s] Level 1:colcon.colcon_core.package_identification:_identify(src/my_cpp_pkg) by extension 'colcon_pkg'
[1.940s] Level 1:colcon.colcon_core.package_identification:_identify(src/my_cpp_pkg) by extensions ['colcon_meta']
[1.940s] Level 1:colcon.colcon_core.package_identification:_identify(src/my_cpp_pkg) by extension 'colcon_meta'
[1.941s] Level 1:colcon.colcon_core.package_identification:_identify(src/my_cpp_pkg) by extensions ['ros']
[1.941s] Level 1:colcon.colcon_core.package_identification:_identify(src/my_cpp_pkg) by extension 'ros'
[1.948s] DEBUG:colcon.colcon_core.package_identification:Package 'src/my_cpp_pkg' with type 'ros.ament_cmake' and name 'my_cpp_pkg'
[1.948s] Level 1:colcon.colcon_core.package_identification:_identify(src/my_py_pkg) by extensions ['ignore', 'ignore_ament_install']
[1.948s] Level 1:colcon.colcon_core.package_identification:_identify(src/my_py_pkg) by extension 'ignore'
[1.948s] Level 1:colcon.colcon_core.package_identification:_identify(src/my_py_pkg) by extension 'ignore_ament_install'
[1.948s] Level 1:colcon.colcon_core.package_identification:_identify(src/my_py_pkg) by extensions ['colcon_pkg']
[1.948s] Level 1:colcon.colcon_core.package_identification:_identify(src/my_py_pkg) by extension 'colcon_pkg'
[1.948s] Level 1:colcon.colcon_core.package_identification:_identify(src/my_py_pkg) by extensions ['colcon_meta']
[1.948s] Level 1:colcon.colcon_core.package_identification:_identify(src/my_py_pkg) by extension 'colcon_meta'
[1.949s] Level 1:colcon.colcon_core.package_identification:_identify(src/my_py_pkg) by extensions ['ros']
[1.949s] Level 1:colcon.colcon_core.package_identification:_identify(src/my_py_pkg) by extension 'ros'
[1.966s] DEBUG:colcon.colcon_core.package_identification:Package 'src/my_py_pkg' with type 'ros.ament_python' and name 'my_py_pkg'
[1.966s] Level 1:colcon.colcon_core.package_discovery:discover_packages(recursive) using defaults
[1.966s] Level 1:colcon.colcon_core.package_discovery:discover_packages(ignore) discover
[1.966s] Level 1:colcon.colcon_core.package_discovery:discover_packages(ignore) using defaults
[1.966s] Level 1:colcon.colcon_core.package_discovery:discover_packages(path) discover
[1.966s] Level 1:colcon.colcon_core.package_discovery:discover_packages(path) using defaults
[2.570s] Level 1:colcon.colcon_core.package_discovery:discover_packages(prefix_path) check parameters
[2.570s] Level 1:colcon.colcon_core.package_discovery:discover_packages(prefix_path) discover
[2.588s] DEBUG:colcon.colcon_installed_package_information.package_discovery:Found 1 installed packages in /home/ibti/ros2_ws/install
[2.593s] DEBUG:colcon.colcon_installed_package_information.package_discovery:Found 271 installed packages in /opt/ros/humble
[2.607s] Level 1:colcon.colcon_core.package_discovery:discover_packages(prefix_path) using defaults
[2.824s] Level 5:colcon.colcon_core.verb:set package 'my_cpp_pkg' build argument 'cmake_args' from command line to 'None'
[2.825s] Level 5:colcon.colcon_core.verb:set package 'my_cpp_pkg' build argument 'cmake_target' from command line to 'None'
[2.825s] Level 5:colcon.colcon_core.verb:set package 'my_cpp_pkg' build argument 'cmake_target_skip_unavailable' from command line to 'False'
[2.825s] Level 5:colcon.colcon_core.verb:set package 'my_cpp_pkg' build argument 'cmake_clean_cache' from command line to 'False'
[2.825s] Level 5:colcon.colcon_core.verb:set package 'my_cpp_pkg' build argument 'cmake_clean_first' from command line to 'False'
[2.825s] Level 5:colcon.colcon_core.verb:set package 'my_cpp_pkg' build argument 'cmake_force_configure' from command line to 'False'
[2.825s] Level 5:colcon.colcon_core.verb:set package 'my_cpp_pkg' build argument 'ament_cmake_args' from command line to 'None'
[2.825s] Level 5:colcon.colcon_core.verb:set package 'my_cpp_pkg' build argument 'catkin_cmake_args' from command line to 'None'
[2.825s] Level 5:colcon.colcon_core.verb:set package 'my_cpp_pkg' build argument 'catkin_skip_building_tests' from command line to 'False'
[2.825s] DEBUG:colcon.colcon_core.verb:Building package 'my_cpp_pkg' with the following arguments: {'ament_cmake_args': None, 'build_base': '/home/ibti/ros2_ws/build/my_cpp_pkg', 'catkin_cmake_args': None, 'catkin_skip_building_tests': False, 'cmake_args': None, 'cmake_clean_cache': False, 'cmake_clean_first': False, 'cmake_force_configure': False, 'cmake_target': None, 'cmake_target_skip_unavailable': False, 'install_base': '/home/ibti/ros2_ws/install/my_cpp_pkg', 'merge_install': False, 'path': '/home/ibti/ros2_ws/src/my_cpp_pkg', 'symlink_install': False, 'test_result_base': None}
[2.825s] Level 5:colcon.colcon_core.verb:set package 'my_py_pkg' build argument 'cmake_args' from command line to 'None'
[2.825s] Level 5:colcon.colcon_core.verb:set package 'my_py_pkg' build argument 'cmake_target' from command line to 'None'
[2.826s] Level 5:colcon.colcon_core.verb:set package 'my_py_pkg' build argument 'cmake_target_skip_unavailable' from command line to 'False'
[2.826s] Level 5:colcon.colcon_core.verb:set package 'my_py_pkg' build argument 'cmake_clean_cache' from command line to 'False'
[2.826s] Level 5:colcon.colcon_core.verb:set package 'my_py_pkg' build argument 'cmake_clean_first' from command line to 'False'
[2.826s] Level 5:colcon.colcon_core.verb:set package 'my_py_pkg' build argument 'cmake_force_configure' from command line to 'False'
[2.826s] Level 5:colcon.colcon_core.verb:set package 'my_py_pkg' build argument 'ament_cmake_args' from command line to 'None'
[2.826s] Level 5:colcon.colcon_core.verb:set package 'my_py_pkg' build argument 'catkin_cmake_args' from command line to 'None'
[2.826s] Level 5:colcon.colcon_core.verb:set package 'my_py_pkg' build argument 'catkin_skip_building_tests' from command line to 'False'
[2.826s] DEBUG:colcon.colcon_core.verb:Building package 'my_py_pkg' with the following arguments: {'ament_cmake_args': None, 'build_base': '/home/ibti/ros2_ws/build/my_py_pkg', 'catkin_cmake_args': None, 'catkin_skip_building_tests': False, 'cmake_args': None, 'cmake_clean_cache': False, 'cmake_clean_first': False, 'cmake_force_configure': False, 'cmake_target': None, 'cmake_target_skip_unavailable': False, 'install_base': '/home/ibti/ros2_ws/install/my_py_pkg', 'merge_install': False, 'path': '/home/ibti/ros2_ws/src/my_py_pkg', 'symlink_install': False, 'test_result_base': None}
[2.826s] INFO:colcon.colcon_core.executor:Executing jobs using 'parallel' executor
[2.840s] DEBUG:colcon.colcon_parallel_executor.executor.parallel:run_until_complete
[2.841s] INFO:colcon.colcon_ros.task.ament_cmake.build:Building ROS package in '/home/ibti/ros2_ws/src/my_cpp_pkg' with build type 'ament_cmake'
[2.841s] INFO:colcon.colcon_cmake.task.cmake.build:Building CMake package in '/home/ibti/ros2_ws/src/my_cpp_pkg'
[2.868s] INFO:colcon.colcon_core.plugin_system:Skipping extension 'colcon_core.shell.bat': Not used on non-Windows systems
[2.868s] INFO:colcon.colcon_core.shell:Skip shell extension 'powershell' for command environment: Not usable outside of PowerShell
[2.868s] DEBUG:colcon.colcon_core.shell:Skip shell extension 'dsv' for command environment
[2.911s] DEBUG:colcon.colcon_core.event_handler.log_command:Invoking command in '/home/ibti/ros2_ws/build/my_cpp_pkg': CMAKE_PREFIX_PATH=/home/ibti/ros2_ws/install/my_py_pkg:/opt/ros/humble /usr/bin/cmake /home/ibti/ros2_ws/src/my_cpp_pkg -DCMAKE_INSTALL_PREFIX=/home/ibti/ros2_ws/install/my_cpp_pkg
[13.092s] DEBUG:colcon.colcon_core.event_handler.log_command:Invoked command in '/home/ibti/ros2_ws/build/my_cpp_pkg' returned '0': CMAKE_PREFIX_PATH=/home/ibti/ros2_ws/install/my_py_pkg:/opt/ros/humble /usr/bin/cmake /home/ibti/ros2_ws/src/my_cpp_pkg -DCMAKE_INSTALL_PREFIX=/home/ibti/ros2_ws/install/my_cpp_pkg
[13.109s] DEBUG:colcon.colcon_core.event_handler.log_command:Invoking command in '/home/ibti/ros2_ws/build/my_cpp_pkg': CMAKE_PREFIX_PATH=/home/ibti/ros2_ws/install/my_py_pkg:/opt/ros/humble /usr/bin/cmake --build /home/ibti/ros2_ws/build/my_cpp_pkg -- -j1 -l1
[13.249s] DEBUG:colcon.colcon_core.event_handler.log_command:Invoked command in '/home/ibti/ros2_ws/build/my_cpp_pkg' returned '0': CMAKE_PREFIX_PATH=/home/ibti/ros2_ws/install/my_py_pkg:/opt/ros/humble /usr/bin/cmake --build /home/ibti/ros2_ws/build/my_cpp_pkg -- -j1 -l1
[13.280s] DEBUG:colcon.colcon_core.event_handler.log_command:Invoking command in '/home/ibti/ros2_ws/build/my_cpp_pkg': CMAKE_PREFIX_PATH=/home/ibti/ros2_ws/install/my_py_pkg:/opt/ros/humble /usr/bin/cmake --install /home/ibti/ros2_ws/build/my_cpp_pkg
[13.320s] Level 1:colcon.colcon_core.environment:create_environment_scripts_only(my_cpp_pkg)
[13.321s] DEBUG:colcon.colcon_core.event_handler.log_command:Invoked command in '/home/ibti/ros2_ws/build/my_cpp_pkg' returned '0': CMAKE_PREFIX_PATH=/home/ibti/ros2_ws/install/my_py_pkg:/opt/ros/humble /usr/bin/cmake --install /home/ibti/ros2_ws/build/my_cpp_pkg
[13.349s] Level 1:colcon.colcon_core.environment:checking '/home/ibti/ros2_ws/install/my_cpp_pkg' for CMake module files
[13.350s] Level 1:colcon.colcon_core.environment:checking '/home/ibti/ros2_ws/install/my_cpp_pkg' for CMake config files
[13.350s] Level 1:colcon.colcon_core.shell:create_environment_hook('my_cpp_pkg', 'cmake_prefix_path')
[13.350s] INFO:colcon.colcon_core.shell:Creating environment hook '/home/ibti/ros2_ws/install/my_cpp_pkg/share/my_cpp_pkg/hook/cmake_prefix_path.ps1'
[13.352s] INFO:colcon.colcon_core.shell:Creating environment descriptor '/home/ibti/ros2_ws/install/my_cpp_pkg/share/my_cpp_pkg/hook/cmake_prefix_path.dsv'
[13.359s] INFO:colcon.colcon_core.shell:Creating environment hook '/home/ibti/ros2_ws/install/my_cpp_pkg/share/my_cpp_pkg/hook/cmake_prefix_path.sh'
[13.360s] Level 1:colcon.colcon_core.environment:checking '/home/ibti/ros2_ws/install/my_cpp_pkg/bin'
[13.360s] Level 1:colcon.colcon_core.environment:checking '/home/ibti/ros2_ws/install/my_cpp_pkg/lib/pkgconfig/my_cpp_pkg.pc'
[13.361s] Level 1:colcon.colcon_core.environment:checking '/home/ibti/ros2_ws/install/my_cpp_pkg/lib/python3.10/site-packages'
[13.361s] Level 1:colcon.colcon_core.environment:checking '/home/ibti/ros2_ws/install/my_cpp_pkg/bin'
[13.361s] INFO:colcon.colcon_core.shell:Creating package script '/home/ibti/ros2_ws/install/my_cpp_pkg/share/my_cpp_pkg/package.ps1'
[13.369s] INFO:colcon.colcon_core.shell:Creating package descriptor '/home/ibti/ros2_ws/install/my_cpp_pkg/share/my_cpp_pkg/package.dsv'
[13.371s] INFO:colcon.colcon_core.shell:Creating package script '/home/ibti/ros2_ws/install/my_cpp_pkg/share/my_cpp_pkg/package.sh'
[13.379s] INFO:colcon.colcon_core.shell:Creating package script '/home/ibti/ros2_ws/install/my_cpp_pkg/share/my_cpp_pkg/package.bash'
[13.389s] INFO:colcon.colcon_core.shell:Creating package script '/home/ibti/ros2_ws/install/my_cpp_pkg/share/my_cpp_pkg/package.zsh'
[13.391s] Level 1:colcon.colcon_core.environment:create_file_with_runtime_dependencies(/home/ibti/ros2_ws/install/my_cpp_pkg/share/colcon-core/packages/my_cpp_pkg)
[13.392s] Level 1:colcon.colcon_core.environment:create_environment_scripts_only(my_cpp_pkg)
[13.393s] Level 1:colcon.colcon_core.environment:checking '/home/ibti/ros2_ws/install/my_cpp_pkg' for CMake module files
[13.393s] Level 1:colcon.colcon_core.environment:checking '/home/ibti/ros2_ws/install/my_cpp_pkg' for CMake config files
[13.394s] Level 1:colcon.colcon_core.shell:create_environment_hook('my_cpp_pkg', 'cmake_prefix_path')
[13.394s] INFO:colcon.colcon_core.shell:Creating environment hook '/home/ibti/ros2_ws/install/my_cpp_pkg/share/my_cpp_pkg/hook/cmake_prefix_path.ps1'
[13.398s] INFO:colcon.colcon_core.shell:Creating environment descriptor '/home/ibti/ros2_ws/install/my_cpp_pkg/share/my_cpp_pkg/hook/cmake_prefix_path.dsv'
[13.399s] INFO:colcon.colcon_core.shell:Creating environment hook '/home/ibti/ros2_ws/install/my_cpp_pkg/share/my_cpp_pkg/hook/cmake_prefix_path.sh'
[13.408s] Level 1:colcon.colcon_core.environment:checking '/home/ibti/ros2_ws/install/my_cpp_pkg/bin'
[13.408s] Level 1:colcon.colcon_core.environment:checking '/home/ibti/ros2_ws/install/my_cpp_pkg/lib/pkgconfig/my_cpp_pkg.pc'
[13.408s] Level 1:colcon.colcon_core.environment:checking '/home/ibti/ros2_ws/install/my_cpp_pkg/lib/python3.10/site-packages'
[13.409s] Level 1:colcon.colcon_core.environment:checking '/home/ibti/ros2_ws/install/my_cpp_pkg/bin'
[13.409s] INFO:colcon.colcon_core.shell:Creating package script '/home/ibti/ros2_ws/install/my_cpp_pkg/share/my_cpp_pkg/package.ps1'
[13.411s] INFO:colcon.colcon_core.shell:Creating package descriptor '/home/ibti/ros2_ws/install/my_cpp_pkg/share/my_cpp_pkg/package.dsv'
[13.412s] INFO:colcon.colcon_core.shell:Creating package script '/home/ibti/ros2_ws/install/my_cpp_pkg/share/my_cpp_pkg/package.sh'
[13.413s] INFO:colcon.colcon_core.shell:Creating package script '/home/ibti/ros2_ws/install/my_cpp_pkg/share/my_cpp_pkg/package.bash'
[13.415s] INFO:colcon.colcon_core.shell:Creating package script '/home/ibti/ros2_ws/install/my_cpp_pkg/share/my_cpp_pkg/package.zsh'
[13.417s] Level 1:colcon.colcon_core.environment:create_file_with_runtime_dependencies(/home/ibti/ros2_ws/install/my_cpp_pkg/share/colcon-core/packages/my_cpp_pkg)
[13.429s] INFO:colcon.colcon_ros.task.ament_python.build:Building ROS package in '/home/ibti/ros2_ws/src/my_py_pkg' with build type 'ament_python'
[13.429s] Level 1:colcon.colcon_core.shell:create_environment_hook('my_py_pkg', 'ament_prefix_path')
[13.430s] INFO:colcon.colcon_core.shell:Creating environment hook '/home/ibti/ros2_ws/install/my_py_pkg/share/my_py_pkg/hook/ament_prefix_path.ps1'
[13.431s] INFO:colcon.colcon_core.shell:Creating environment descriptor '/home/ibti/ros2_ws/install/my_py_pkg/share/my_py_pkg/hook/ament_prefix_path.dsv'
[13.432s] INFO:colcon.colcon_core.shell:Creating environment hook '/home/ibti/ros2_ws/install/my_py_pkg/share/my_py_pkg/hook/ament_prefix_path.sh'
[13.434s] INFO:colcon.colcon_core.shell:Skip shell extension 'powershell' for command environment: Not usable outside of PowerShell
[13.434s] DEBUG:colcon.colcon_core.shell:Skip shell extension 'dsv' for command environment
[15.899s] INFO:colcon.colcon_core.task.python.build:Building Python package in '/home/ibti/ros2_ws/src/my_py_pkg'
[15.899s] INFO:colcon.colcon_core.shell:Skip shell extension 'powershell' for command environment: Not usable outside of PowerShell
[15.900s] DEBUG:colcon.colcon_core.shell:Skip shell extension 'dsv' for command environment
[17.490s] DEBUG:colcon.colcon_core.event_handler.log_command:Invoking command in '/home/ibti/ros2_ws/src/my_py_pkg': PYTHONPATH=/home/ibti/ros2_ws/build/my_py_pkg/prefix_override:/usr/lib/python3/dist-packages/colcon_core/task/python/colcon_distutils_commands:/home/ibti/ros2_ws/install/my_py_pkg/lib/python3.10/site-packages:${PYTHONPATH} /usr/bin/python3 -W ignore:setup.py install is deprecated -W ignore:easy_install command is deprecated setup.py egg_info --egg-base ../../build/my_py_pkg build --build-base /home/ibti/ros2_ws/build/my_py_pkg/build install --record /home/ibti/ros2_ws/build/my_py_pkg/install.log --single-version-externally-managed install_data
[18.587s] Level 1:colcon.colcon_core.environment:checking '/home/ibti/ros2_ws/install/my_py_pkg' for CMake module files
[18.589s] DEBUG:colcon.colcon_core.event_handler.log_command:Invoked command in '/home/ibti/ros2_ws/src/my_py_pkg' returned '0': PYTHONPATH=/home/ibti/ros2_ws/build/my_py_pkg/prefix_override:/usr/lib/python3/dist-packages/colcon_core/task/python/colcon_distutils_commands:/home/ibti/ros2_ws/install/my_py_pkg/lib/python3.10/site-packages:${PYTHONPATH} /usr/bin/python3 -W ignore:setup.py install is deprecated -W ignore:easy_install command is deprecated setup.py egg_info --egg-base ../../build/my_py_pkg build --build-base /home/ibti/ros2_ws/build/my_py_pkg/build install --record /home/ibti/ros2_ws/build/my_py_pkg/install.log --single-version-externally-managed install_data
[18.590s] Level 1:colcon.colcon_core.environment:checking '/home/ibti/ros2_ws/install/my_py_pkg' for CMake config files
[18.597s] Level 1:colcon.colcon_core.environment:checking '/home/ibti/ros2_ws/install/my_py_pkg/lib'
[18.597s] Level 1:colcon.colcon_core.environment:checking '/home/ibti/ros2_ws/install/my_py_pkg/bin'
[18.597s] Level 1:colcon.colcon_core.environment:checking '/home/ibti/ros2_ws/install/my_py_pkg/lib/pkgconfig/my_py_pkg.pc'
[18.597s] Level 1:colcon.colcon_core.environment:checking '/home/ibti/ros2_ws/install/my_py_pkg/lib/python3.10/site-packages'
[18.597s] Level 1:colcon.colcon_core.shell:create_environment_hook('my_py_pkg', 'pythonpath')
[18.598s] INFO:colcon.colcon_core.shell:Creating environment hook '/home/ibti/ros2_ws/install/my_py_pkg/share/my_py_pkg/hook/pythonpath.ps1'
[18.612s] INFO:colcon.colcon_core.shell:Creating environment descriptor '/home/ibti/ros2_ws/install/my_py_pkg/share/my_py_pkg/hook/pythonpath.dsv'
[18.614s] INFO:colcon.colcon_core.shell:Creating environment hook '/home/ibti/ros2_ws/install/my_py_pkg/share/my_py_pkg/hook/pythonpath.sh'
[18.616s] Level 1:colcon.colcon_core.environment:checking '/home/ibti/ros2_ws/install/my_py_pkg/bin'
[18.616s] Level 1:colcon.colcon_core.environment:create_environment_scripts_only(my_py_pkg)
[18.617s] INFO:colcon.colcon_core.shell:Creating package script '/home/ibti/ros2_ws/install/my_py_pkg/share/my_py_pkg/package.ps1'
[18.617s] INFO:colcon.colcon_core.shell:Creating package descriptor '/home/ibti/ros2_ws/install/my_py_pkg/share/my_py_pkg/package.dsv'
[18.619s] INFO:colcon.colcon_core.shell:Creating package script '/home/ibti/ros2_ws/install/my_py_pkg/share/my_py_pkg/package.sh'
[18.621s] INFO:colcon.colcon_core.shell:Creating package script '/home/ibti/ros2_ws/install/my_py_pkg/share/my_py_pkg/package.bash'
[18.623s] INFO:colcon.colcon_core.shell:Creating package script '/home/ibti/ros2_ws/install/my_py_pkg/share/my_py_pkg/package.zsh'
[18.623s] Level 1:colcon.colcon_core.environment:create_file_with_runtime_dependencies(/home/ibti/ros2_ws/install/my_py_pkg/share/colcon-core/packages/my_py_pkg)
[18.634s] DEBUG:colcon.colcon_parallel_executor.executor.parallel:closing loop
[18.635s] DEBUG:colcon.colcon_parallel_executor.executor.parallel:loop closed
[18.635s] DEBUG:colcon.colcon_parallel_executor.executor.parallel:run_until_complete finished with '0'
[18.635s] DEBUG:colcon.colcon_core.event_reactor:joining thread
[18.703s] INFO:colcon.colcon_core.plugin_system:Skipping extension 'colcon_notification.desktop_notification.terminal_notifier': Not used on non-Darwin systems
[18.703s] INFO:colcon.colcon_core.plugin_system:Skipping extension 'colcon_notification.desktop_notification.win32': Not used on non-Windows systems
[18.703s] INFO:colcon.colcon_notification.desktop_notification:Sending desktop notification using 'notify2'
[18.835s] DEBUG:colcon.colcon_core.event_reactor:joined thread
[18.836s] INFO:colcon.colcon_core.shell:Creating prefix script '/home/ibti/ros2_ws/install/local_setup.ps1'
[18.847s] INFO:colcon.colcon_core.shell:Creating prefix util module '/home/ibti/ros2_ws/install/_local_setup_util_ps1.py'
[18.854s] INFO:colcon.colcon_core.shell:Creating prefix chain script '/home/ibti/ros2_ws/install/setup.ps1'
[18.858s] INFO:colcon.colcon_core.shell:Creating prefix script '/home/ibti/ros2_ws/install/local_setup.sh'
[18.874s] INFO:colcon.colcon_core.shell:Creating prefix util module '/home/ibti/ros2_ws/install/_local_setup_util_sh.py'
[18.876s] INFO:colcon.colcon_core.shell:Creating prefix chain script '/home/ibti/ros2_ws/install/setup.sh'
[18.887s] INFO:colcon.colcon_core.shell:Creating prefix script '/home/ibti/ros2_ws/install/local_setup.bash'
[18.892s] INFO:colcon.colcon_core.shell:Creating prefix chain script '/home/ibti/ros2_ws/install/setup.bash'
[18.906s] INFO:colcon.colcon_core.shell:Creating prefix script '/home/ibti/ros2_ws/install/local_setup.zsh'
[18.908s] INFO:colcon.colcon_core.shell:Creating prefix chain script '/home/ibti/ros2_ws/install/setup.zsh'
