[1.011s] Invoking command in '/home/ibti/ros2_ws/src/my_py_pkg': PYTHONPATH=/home/ibti/ros2_ws/build/my_py_pkg/prefix_override:/usr/lib/python3/dist-packages/colcon_core/task/python/colcon_distutils_commands:/home/ibti/ros2_ws/install/my_py_pkg/lib/python3.10/site-packages:${PYTHONPATH} /usr/bin/python3 -W ignore:setup.py install is deprecated -W ignore:easy_install command is deprecated setup.py egg_info --egg-base ../../build/my_py_pkg build --build-base /home/ibti/ros2_ws/build/my_py_pkg/build install --record /home/ibti/ros2_ws/build/my_py_pkg/install.log --single-version-externally-managed install_data
[1.353s] running egg_info
[1.356s] writing ../../build/my_py_pkg/my_py_pkg.egg-info/PKG-INFO
[1.358s] writing dependency_links to ../../build/my_py_pkg/my_py_pkg.egg-info/dependency_links.txt
[1.359s] writing entry points to ../../build/my_py_pkg/my_py_pkg.egg-info/entry_points.txt
[1.360s] writing requirements to ../../build/my_py_pkg/my_py_pkg.egg-info/requires.txt
[1.360s] writing top-level names to ../../build/my_py_pkg/my_py_pkg.egg-info/top_level.txt
[1.364s] reading manifest file '../../build/my_py_pkg/my_py_pkg.egg-info/SOURCES.txt'
[1.368s] writing manifest file '../../build/my_py_pkg/my_py_pkg.egg-info/SOURCES.txt'
[1.368s] running build
[1.369s] running build_py
[1.370s] copying my_py_pkg/subscriber_node.py -> /home/ibti/ros2_ws/build/my_py_pkg/build/lib/my_py_pkg
[1.371s] copying my_py_pkg/publisher_node.py -> /home/ibti/ros2_ws/build/my_py_pkg/build/lib/my_py_pkg
[1.372s] running install
[1.372s] running install_lib
[1.375s] copying /home/ibti/ros2_ws/build/my_py_pkg/build/lib/my_py_pkg/subscriber_node.py -> /home/ibti/ros2_ws/install/my_py_pkg/lib/python3.10/site-packages/my_py_pkg
[1.376s] copying /home/ibti/ros2_ws/build/my_py_pkg/build/lib/my_py_pkg/publisher_node.py -> /home/ibti/ros2_ws/install/my_py_pkg/lib/python3.10/site-packages/my_py_pkg
[1.378s] byte-compiling /home/ibti/ros2_ws/install/my_py_pkg/lib/python3.10/site-packages/my_py_pkg/subscriber_node.py to subscriber_node.cpython-310.pyc
[1.382s] byte-compiling /home/ibti/ros2_ws/install/my_py_pkg/lib/python3.10/site-packages/my_py_pkg/publisher_node.py to publisher_node.cpython-310.pyc
[1.393s] running install_data
[1.393s] running install_egg_info
[1.393s] removing '/home/ibti/ros2_ws/install/my_py_pkg/lib/python3.10/site-packages/my_py_pkg-0.0.0-py3.10.egg-info' (and everything under it)
[1.394s] Copying ../../build/my_py_pkg/my_py_pkg.egg-info to /home/ibti/ros2_ws/install/my_py_pkg/lib/python3.10/site-packages/my_py_pkg-0.0.0-py3.10.egg-info
[1.403s] running install_scripts
[1.443s] Installing listener script to /home/ibti/ros2_ws/install/my_py_pkg/lib/my_py_pkg
[1.444s] Installing talker script to /home/ibti/ros2_ws/install/my_py_pkg/lib/my_py_pkg
[1.444s] writing list of installed files to '/home/ibti/ros2_ws/build/my_py_pkg/install.log'
[1.500s] Invoked command in '/home/ibti/ros2_ws/src/my_py_pkg' returned '0': PYTHONPATH=/home/ibti/ros2_ws/build/my_py_pkg/prefix_override:/usr/lib/python3/dist-packages/colcon_core/task/python/colcon_distutils_commands:/home/ibti/ros2_ws/install/my_py_pkg/lib/python3.10/site-packages:${PYTHONPATH} /usr/bin/python3 -W ignore:setup.py install is deprecated -W ignore:easy_install command is deprecated setup.py egg_info --egg-base ../../build/my_py_pkg build --build-base /home/ibti/ros2_ws/build/my_py_pkg/build install --record /home/ibti/ros2_ws/build/my_py_pkg/install.log --single-version-externally-managed install_data
