[0.018s] Invoking command in '/home/ibti/ros2_ws/build/my_cpp_pkg': CMAKE_PREFIX_PATH=${CMAKE_PREFIX_PATH}:/home/ibti/ros2_ws/install/my_py_pkg:/opt/ros/humble /usr/bin/cmake --build /home/ibti/ros2_ws/build/my_cpp_pkg -- -j1 -l1
[0.151s] -- Found ament_cmake: 1.3.12 (/opt/ros/humble/share/ament_cmake/cmake)
[0.432s] -- Found rclcpp: 16.0.14 (/opt/ros/humble/share/rclcpp/cmake)
[0.468s] -- Found rosidl_generator_c: 3.1.7 (/opt/ros/humble/share/rosidl_generator_c/cmake)
[0.481s] -- Found rosidl_adapter: 3.1.7 (/opt/ros/humble/share/rosidl_adapter/cmake)
[0.487s] -- Found rosidl_generator_cpp: 3.1.7 (/opt/ros/humble/share/rosidl_generator_cpp/cmake)
[0.501s] -- Using all available rosidl_typesupport_c: rosidl_typesupport_fastrtps_c;rosidl_typesupport_introspection_c
[0.521s] -- Using all available rosidl_typesupport_cpp: rosidl_typesupport_fastrtps_cpp;rosidl_typesupport_introspection_cpp
[0.573s] -- Found rmw_implementation_cmake: 6.1.2 (/opt/ros/humble/share/rmw_implementation_cmake/cmake)
[0.573s] -- Found rmw_fastrtps_cpp: 6.2.8 (/opt/ros/humble/share/rmw_fastrtps_cpp/cmake)
[0.730s] -- Using RMW implementation 'rmw_fastrtps_cpp' as default
[0.829s] -- Found ament_lint_auto: 0.12.14 (/opt/ros/humble/share/ament_lint_auto/cmake)
[0.974s] -- Added test 'cppcheck' to perform static code analysis on C / C++ code
[0.975s] -- Configured cppcheck include dirs: 
[0.975s] -- Configured cppcheck exclude dirs and/or files: 
[0.976s] -- Added test 'lint_cmake' to check CMake code style
[0.977s] -- Added test 'uncrustify' to check C / C++ code style
[0.977s] -- Configured uncrustify additional arguments: 
[0.977s] -- Added test 'xmllint' to check XML markup files
[0.978s] -- Configuring done
[1.094s] -- Generating done
[1.151s] -- Build files have been written to: /home/ibti/ros2_ws/build/my_cpp_pkg
[1.195s] [ 25%] [32mBuilding CXX object CMakeFiles/talker.dir/src/publisher_node.cpp.o[0m
[16.318s] [ 50%] [32m[1mLinking CXX executable talker[0m
[16.838s] [ 50%] Built target talker
[16.868s] [ 75%] [32mBuilding CXX object CMakeFiles/listener.dir/src/subscriber_node.cpp.o[0m
[32.889s] [100%] [32m[1mLinking CXX executable listener[0m
[33.402s] [100%] Built target listener
[33.414s] Invoked command in '/home/ibti/ros2_ws/build/my_cpp_pkg' returned '0': CMAKE_PREFIX_PATH=${CMAKE_PREFIX_PATH}:/home/ibti/ros2_ws/install/my_py_pkg:/opt/ros/humble /usr/bin/cmake --build /home/ibti/ros2_ws/build/my_cpp_pkg -- -j1 -l1
[33.441s] Invoking command in '/home/ibti/ros2_ws/build/my_cpp_pkg': CMAKE_PREFIX_PATH=${CMAKE_PREFIX_PATH}:/home/ibti/ros2_ws/install/my_py_pkg:/opt/ros/humble /usr/bin/cmake --install /home/ibti/ros2_ws/build/my_cpp_pkg
[33.461s] -- Install configuration: ""
[33.465s] -- Installing: /home/ibti/ros2_ws/install/my_cpp_pkg/lib/my_cpp_pkg/talker
[33.468s] -- Set runtime path of "/home/ibti/ros2_ws/install/my_cpp_pkg/lib/my_cpp_pkg/talker" to ""
[33.469s] -- Installing: /home/ibti/ros2_ws/install/my_cpp_pkg/lib/my_cpp_pkg/listener
[33.475s] -- Set runtime path of "/home/ibti/ros2_ws/install/my_cpp_pkg/lib/my_cpp_pkg/listener" to ""
[33.476s] -- Up-to-date: /home/ibti/ros2_ws/install/my_cpp_pkg/share/ament_index/resource_index/package_run_dependencies/my_cpp_pkg
[33.476s] -- Installing: /home/ibti/ros2_ws/install/my_cpp_pkg/share/ament_index/resource_index/parent_prefix_path/my_cpp_pkg
[33.478s] -- Up-to-date: /home/ibti/ros2_ws/install/my_cpp_pkg/share/my_cpp_pkg/environment/ament_prefix_path.sh
[33.479s] -- Installing: /home/ibti/ros2_ws/install/my_cpp_pkg/share/my_cpp_pkg/environment/ament_prefix_path.dsv
[33.481s] -- Up-to-date: /home/ibti/ros2_ws/install/my_cpp_pkg/share/my_cpp_pkg/environment/path.sh
[33.482s] -- Installing: /home/ibti/ros2_ws/install/my_cpp_pkg/share/my_cpp_pkg/environment/path.dsv
[33.482s] -- Up-to-date: /home/ibti/ros2_ws/install/my_cpp_pkg/share/my_cpp_pkg/local_setup.bash
[33.482s] -- Up-to-date: /home/ibti/ros2_ws/install/my_cpp_pkg/share/my_cpp_pkg/local_setup.sh
[33.483s] -- Up-to-date: /home/ibti/ros2_ws/install/my_cpp_pkg/share/my_cpp_pkg/local_setup.zsh
[33.483s] -- Installing: /home/ibti/ros2_ws/install/my_cpp_pkg/share/my_cpp_pkg/local_setup.dsv
[33.483s] -- Installing: /home/ibti/ros2_ws/install/my_cpp_pkg/share/my_cpp_pkg/package.dsv
[33.484s] -- Up-to-date: /home/ibti/ros2_ws/install/my_cpp_pkg/share/ament_index/resource_index/packages/my_cpp_pkg
[33.484s] -- Up-to-date: /home/ibti/ros2_ws/install/my_cpp_pkg/share/my_cpp_pkg/cmake/my_cpp_pkgConfig.cmake
[33.485s] -- Up-to-date: /home/ibti/ros2_ws/install/my_cpp_pkg/share/my_cpp_pkg/cmake/my_cpp_pkgConfig-version.cmake
[33.485s] -- Up-to-date: /home/ibti/ros2_ws/install/my_cpp_pkg/share/my_cpp_pkg/package.xml
[33.493s] Invoked command in '/home/ibti/ros2_ws/build/my_cpp_pkg' returned '0': CMAKE_PREFIX_PATH=${CMAKE_PREFIX_PATH}:/home/ibti/ros2_ws/install/my_py_pkg:/opt/ros/humble /usr/bin/cmake --install /home/ibti/ros2_ws/build/my_cpp_pkg
