[4.043s] Invoking command in '/home/ibti/ros2_ws/src/my_py_pkg': PYTHONPATH=/home/ibti/ros2_ws/build/my_py_pkg/prefix_override:/usr/lib/python3/dist-packages/colcon_core/task/python/colcon_distutils_commands:/home/ibti/ros2_ws/install/my_py_pkg/lib/python3.10/site-packages:${PYTHONPATH} /usr/bin/python3 -W ignore:setup.py install is deprecated -W ignore:easy_install command is deprecated setup.py egg_info --egg-base ../../build/my_py_pkg build --build-base /home/ibti/ros2_ws/build/my_py_pkg/build install --record /home/ibti/ros2_ws/build/my_py_pkg/install.log --single-version-externally-managed install_data
[4.894s] running egg_info
[4.894s] writing ../../build/my_py_pkg/my_py_pkg.egg-info/PKG-INFO
[4.895s] writing dependency_links to ../../build/my_py_pkg/my_py_pkg.egg-info/dependency_links.txt
[4.895s] writing entry points to ../../build/my_py_pkg/my_py_pkg.egg-info/entry_points.txt
[4.895s] writing requirements to ../../build/my_py_pkg/my_py_pkg.egg-info/requires.txt
[4.900s] writing top-level names to ../../build/my_py_pkg/my_py_pkg.egg-info/top_level.txt
[4.906s] reading manifest file '../../build/my_py_pkg/my_py_pkg.egg-info/SOURCES.txt'
[4.911s] writing manifest file '../../build/my_py_pkg/my_py_pkg.egg-info/SOURCES.txt'
[4.917s] running build
[4.917s] running build_py
[4.918s] running install
[4.925s] running install_lib
[4.930s] running install_data
[4.930s] running install_egg_info
[4.933s] removing '/home/ibti/ros2_ws/install/my_py_pkg/lib/python3.10/site-packages/my_py_pkg-0.0.0-py3.10.egg-info' (and everything under it)
[4.956s] Copying ../../build/my_py_pkg/my_py_pkg.egg-info to /home/ibti/ros2_ws/install/my_py_pkg/lib/python3.10/site-packages/my_py_pkg-0.0.0-py3.10.egg-info
[4.956s] running install_scripts
[5.039s] writing list of installed files to '/home/ibti/ros2_ws/build/my_py_pkg/install.log'
[5.143s] Invoked command in '/home/ibti/ros2_ws/src/my_py_pkg' returned '0': PYTHONPATH=/home/ibti/ros2_ws/build/my_py_pkg/prefix_override:/usr/lib/python3/dist-packages/colcon_core/task/python/colcon_distutils_commands:/home/ibti/ros2_ws/install/my_py_pkg/lib/python3.10/site-packages:${PYTHONPATH} /usr/bin/python3 -W ignore:setup.py install is deprecated -W ignore:easy_install command is deprecated setup.py egg_info --egg-base ../../build/my_py_pkg build --build-base /home/ibti/ros2_ws/build/my_py_pkg/build install --record /home/ibti/ros2_ws/build/my_py_pkg/install.log --single-version-externally-managed install_data
