[0.154s] DEBUG:colcon:Command line arguments: ['/usr/bin/colcon', 'build']
[0.155s] DEBUG:colcon:Parsed command line arguments: Namespace(log_base=None, log_level=None, verb_name='build', build_base='build', install_base='install', merge_install=False, symlink_install=False, test_result_base=None, continue_on_error=False, executor='parallel', parallel_workers=1, event_handlers=None, ignore_user_meta=False, metas=['./colcon.meta'], base_paths=['.'], packages_ignore=None, packages_ignore_regex=None, paths=None, packages_up_to=None, packages_up_to_regex=None, packages_above=None, packages_above_and_dependencies=None, packages_above_depth=None, packages_select_by_dep=None, packages_skip_by_dep=None, packages_skip_up_to=None, packages_select_build_failed=False, packages_skip_build_finished=False, packages_select_test_failures=False, packages_skip_test_passed=False, packages_select=None, packages_skip=None, packages_select_regex=None, packages_skip_regex=None, packages_start=None, packages_end=None, allow_overriding=[], cmake_args=None, cmake_target=None, cmake_target_skip_unavailable=False, cmake_clean_cache=False, cmake_clean_first=False, cmake_force_configure=False, ament_cmake_args=None, catkin_cmake_args=None, catkin_skip_building_tests=False, mixin_files=None, mixin=None, verb_parser=<colcon_mixin.mixin.mixin_argument.MixinArgumentDecorator object at 0x7476a0551150>, verb_extension=<colcon_core.verb.build.BuildVerb object at 0x7476a0550790>, main=<bound method BuildVerb.main of <colcon_core.verb.build.BuildVerb object at 0x7476a0550790>>, mixin_verb=('build',))
[0.363s] Level 1:colcon.colcon_core.package_discovery:discover_packages(colcon_meta) check parameters
[0.363s] Level 1:colcon.colcon_core.package_discovery:discover_packages(recursive) check parameters
[0.363s] Level 1:colcon.colcon_core.package_discovery:discover_packages(ignore) check parameters
[0.363s] Level 1:colcon.colcon_core.package_discovery:discover_packages(path) check parameters
[0.363s] Level 1:colcon.colcon_core.package_discovery:discover_packages(colcon_meta) discover
[0.364s] Level 1:colcon.colcon_core.package_discovery:discover_packages(recursive) discover
[0.364s] INFO:colcon.colcon_core.package_discovery:Crawling recursively for packages in '/home/ibti/ros2_ws'
[0.364s] Level 1:colcon.colcon_core.package_identification:_identify(.) by extensions ['ignore', 'ignore_ament_install']
[0.364s] Level 1:colcon.colcon_core.package_identification:_identify(.) by extension 'ignore'
[0.364s] Level 1:colcon.colcon_core.package_identification:_identify(.) by extension 'ignore_ament_install'
[0.364s] Level 1:colcon.colcon_core.package_identification:_identify(.) by extensions ['colcon_pkg']
[0.364s] Level 1:colcon.colcon_core.package_identification:_identify(.) by extension 'colcon_pkg'
[0.364s] Level 1:colcon.colcon_core.package_identification:_identify(.) by extensions ['colcon_meta']
[0.364s] Level 1:colcon.colcon_core.package_identification:_identify(.) by extension 'colcon_meta'
[0.364s] Level 1:colcon.colcon_core.package_identification:_identify(.) by extensions ['ros']
[0.364s] Level 1:colcon.colcon_core.package_identification:_identify(.) by extension 'ros'
[0.377s] Level 1:colcon.colcon_core.package_identification:_identify(.) by extensions ['cmake', 'python']
[0.377s] Level 1:colcon.colcon_core.package_identification:_identify(.) by extension 'cmake'
[0.377s] Level 1:colcon.colcon_core.package_identification:_identify(.) by extension 'python'
[0.377s] Level 1:colcon.colcon_core.package_identification:_identify(.) by extensions ['python_setup_py']
[0.377s] Level 1:colcon.colcon_core.package_identification:_identify(.) by extension 'python_setup_py'
[0.378s] Level 1:colcon.colcon_core.package_identification:_identify(build) by extensions ['ignore', 'ignore_ament_install']
[0.378s] Level 1:colcon.colcon_core.package_identification:_identify(build) by extension 'ignore'
[0.378s] Level 1:colcon.colcon_core.package_identification:_identify(build) ignored
[0.378s] Level 1:colcon.colcon_core.package_identification:_identify(install) by extensions ['ignore', 'ignore_ament_install']
[0.378s] Level 1:colcon.colcon_core.package_identification:_identify(install) by extension 'ignore'
[0.378s] Level 1:colcon.colcon_core.package_identification:_identify(install) ignored
[0.378s] Level 1:colcon.colcon_core.package_identification:_identify(log) by extensions ['ignore', 'ignore_ament_install']
[0.378s] Level 1:colcon.colcon_core.package_identification:_identify(log) by extension 'ignore'
[0.378s] Level 1:colcon.colcon_core.package_identification:_identify(log) ignored
[0.378s] Level 1:colcon.colcon_core.package_identification:_identify(src) by extensions ['ignore', 'ignore_ament_install']
[0.378s] Level 1:colcon.colcon_core.package_identification:_identify(src) by extension 'ignore'
[0.378s] Level 1:colcon.colcon_core.package_identification:_identify(src) by extension 'ignore_ament_install'
[0.378s] Level 1:colcon.colcon_core.package_identification:_identify(src) by extensions ['colcon_pkg']
[0.379s] Level 1:colcon.colcon_core.package_identification:_identify(src) by extension 'colcon_pkg'
[0.379s] Level 1:colcon.colcon_core.package_identification:_identify(src) by extensions ['colcon_meta']
[0.379s] Level 1:colcon.colcon_core.package_identification:_identify(src) by extension 'colcon_meta'
[0.379s] Level 1:colcon.colcon_core.package_identification:_identify(src) by extensions ['ros']
[0.379s] Level 1:colcon.colcon_core.package_identification:_identify(src) by extension 'ros'
[0.379s] Level 1:colcon.colcon_core.package_identification:_identify(src) by extensions ['cmake', 'python']
[0.379s] Level 1:colcon.colcon_core.package_identification:_identify(src) by extension 'cmake'
[0.379s] Level 1:colcon.colcon_core.package_identification:_identify(src) by extension 'python'
[0.379s] Level 1:colcon.colcon_core.package_identification:_identify(src) by extensions ['python_setup_py']
[0.379s] Level 1:colcon.colcon_core.package_identification:_identify(src) by extension 'python_setup_py'
[0.379s] Level 1:colcon.colcon_core.package_identification:_identify(src/my_cpp_pkg) by extensions ['ignore', 'ignore_ament_install']
[0.379s] Level 1:colcon.colcon_core.package_identification:_identify(src/my_cpp_pkg) by extension 'ignore'
[0.379s] Level 1:colcon.colcon_core.package_identification:_identify(src/my_cpp_pkg) by extension 'ignore_ament_install'
[0.379s] Level 1:colcon.colcon_core.package_identification:_identify(src/my_cpp_pkg) by extensions ['colcon_pkg']
[0.379s] Level 1:colcon.colcon_core.package_identification:_identify(src/my_cpp_pkg) by extension 'colcon_pkg'
[0.379s] Level 1:colcon.colcon_core.package_identification:_identify(src/my_cpp_pkg) by extensions ['colcon_meta']
[0.379s] Level 1:colcon.colcon_core.package_identification:_identify(src/my_cpp_pkg) by extension 'colcon_meta'
[0.379s] Level 1:colcon.colcon_core.package_identification:_identify(src/my_cpp_pkg) by extensions ['ros']
[0.379s] Level 1:colcon.colcon_core.package_identification:_identify(src/my_cpp_pkg) by extension 'ros'
[0.382s] DEBUG:colcon.colcon_core.package_identification:Package 'src/my_cpp_pkg' with type 'ros.ament_cmake' and name 'my_cpp_pkg'
[0.382s] Level 1:colcon.colcon_core.package_identification:_identify(src/my_py_pkg) by extensions ['ignore', 'ignore_ament_install']
[0.382s] Level 1:colcon.colcon_core.package_identification:_identify(src/my_py_pkg) by extension 'ignore'
[0.383s] Level 1:colcon.colcon_core.package_identification:_identify(src/my_py_pkg) by extension 'ignore_ament_install'
[0.383s] Level 1:colcon.colcon_core.package_identification:_identify(src/my_py_pkg) by extensions ['colcon_pkg']
[0.383s] Level 1:colcon.colcon_core.package_identification:_identify(src/my_py_pkg) by extension 'colcon_pkg'
[0.383s] Level 1:colcon.colcon_core.package_identification:_identify(src/my_py_pkg) by extensions ['colcon_meta']
[0.383s] Level 1:colcon.colcon_core.package_identification:_identify(src/my_py_pkg) by extension 'colcon_meta'
[0.383s] Level 1:colcon.colcon_core.package_identification:_identify(src/my_py_pkg) by extensions ['ros']
[0.383s] Level 1:colcon.colcon_core.package_identification:_identify(src/my_py_pkg) by extension 'ros'
[0.385s] DEBUG:colcon.colcon_core.package_identification:Package 'src/my_py_pkg' with type 'ros.ament_python' and name 'my_py_pkg'
[0.385s] Level 1:colcon.colcon_core.package_discovery:discover_packages(recursive) using defaults
[0.385s] Level 1:colcon.colcon_core.package_discovery:discover_packages(ignore) discover
[0.385s] Level 1:colcon.colcon_core.package_discovery:discover_packages(ignore) using defaults
[0.385s] Level 1:colcon.colcon_core.package_discovery:discover_packages(path) discover
[0.385s] Level 1:colcon.colcon_core.package_discovery:discover_packages(path) using defaults
[0.424s] Level 1:colcon.colcon_core.package_discovery:discover_packages(prefix_path) check parameters
[0.424s] Level 1:colcon.colcon_core.package_discovery:discover_packages(prefix_path) discover
[0.426s] DEBUG:colcon.colcon_installed_package_information.package_discovery:Found 2 installed packages in /home/ibti/ros2_ws/install
[0.427s] DEBUG:colcon.colcon_installed_package_information.package_discovery:Found 271 installed packages in /opt/ros/humble
[0.429s] Level 1:colcon.colcon_core.package_discovery:discover_packages(prefix_path) using defaults
[0.498s] Level 5:colcon.colcon_core.verb:set package 'my_cpp_pkg' build argument 'cmake_args' from command line to 'None'
[0.499s] Level 5:colcon.colcon_core.verb:set package 'my_cpp_pkg' build argument 'cmake_target' from command line to 'None'
[0.499s] Level 5:colcon.colcon_core.verb:set package 'my_cpp_pkg' build argument 'cmake_target_skip_unavailable' from command line to 'False'
[0.499s] Level 5:colcon.colcon_core.verb:set package 'my_cpp_pkg' build argument 'cmake_clean_cache' from command line to 'False'
[0.499s] Level 5:colcon.colcon_core.verb:set package 'my_cpp_pkg' build argument 'cmake_clean_first' from command line to 'False'
[0.499s] Level 5:colcon.colcon_core.verb:set package 'my_cpp_pkg' build argument 'cmake_force_configure' from command line to 'False'
[0.499s] Level 5:colcon.colcon_core.verb:set package 'my_cpp_pkg' build argument 'ament_cmake_args' from command line to 'None'
[0.499s] Level 5:colcon.colcon_core.verb:set package 'my_cpp_pkg' build argument 'catkin_cmake_args' from command line to 'None'
[0.499s] Level 5:colcon.colcon_core.verb:set package 'my_cpp_pkg' build argument 'catkin_skip_building_tests' from command line to 'False'
[0.499s] DEBUG:colcon.colcon_core.verb:Building package 'my_cpp_pkg' with the following arguments: {'ament_cmake_args': None, 'build_base': '/home/ibti/ros2_ws/build/my_cpp_pkg', 'catkin_cmake_args': None, 'catkin_skip_building_tests': False, 'cmake_args': None, 'cmake_clean_cache': False, 'cmake_clean_first': False, 'cmake_force_configure': False, 'cmake_target': None, 'cmake_target_skip_unavailable': False, 'install_base': '/home/ibti/ros2_ws/install/my_cpp_pkg', 'merge_install': False, 'path': '/home/ibti/ros2_ws/src/my_cpp_pkg', 'symlink_install': False, 'test_result_base': None}
[0.499s] Level 5:colcon.colcon_core.verb:set package 'my_py_pkg' build argument 'cmake_args' from command line to 'None'
[0.499s] Level 5:colcon.colcon_core.verb:set package 'my_py_pkg' build argument 'cmake_target' from command line to 'None'
[0.499s] Level 5:colcon.colcon_core.verb:set package 'my_py_pkg' build argument 'cmake_target_skip_unavailable' from command line to 'False'
[0.499s] Level 5:colcon.colcon_core.verb:set package 'my_py_pkg' build argument 'cmake_clean_cache' from command line to 'False'
[0.499s] Level 5:colcon.colcon_core.verb:set package 'my_py_pkg' build argument 'cmake_clean_first' from command line to 'False'
[0.500s] Level 5:colcon.colcon_core.verb:set package 'my_py_pkg' build argument 'cmake_force_configure' from command line to 'False'
[0.500s] Level 5:colcon.colcon_core.verb:set package 'my_py_pkg' build argument 'ament_cmake_args' from command line to 'None'
[0.500s] Level 5:colcon.colcon_core.verb:set package 'my_py_pkg' build argument 'catkin_cmake_args' from command line to 'None'
[0.500s] Level 5:colcon.colcon_core.verb:set package 'my_py_pkg' build argument 'catkin_skip_building_tests' from command line to 'False'
[0.500s] DEBUG:colcon.colcon_core.verb:Building package 'my_py_pkg' with the following arguments: {'ament_cmake_args': None, 'build_base': '/home/ibti/ros2_ws/build/my_py_pkg', 'catkin_cmake_args': None, 'catkin_skip_building_tests': False, 'cmake_args': None, 'cmake_clean_cache': False, 'cmake_clean_first': False, 'cmake_force_configure': False, 'cmake_target': None, 'cmake_target_skip_unavailable': False, 'install_base': '/home/ibti/ros2_ws/install/my_py_pkg', 'merge_install': False, 'path': '/home/ibti/ros2_ws/src/my_py_pkg', 'symlink_install': False, 'test_result_base': None}
[0.500s] INFO:colcon.colcon_core.executor:Executing jobs using 'parallel' executor
[0.501s] DEBUG:colcon.colcon_parallel_executor.executor.parallel:run_until_complete
[0.502s] INFO:colcon.colcon_ros.task.ament_cmake.build:Building ROS package in '/home/ibti/ros2_ws/src/my_cpp_pkg' with build type 'ament_cmake'
[0.502s] INFO:colcon.colcon_cmake.task.cmake.build:Building CMake package in '/home/ibti/ros2_ws/src/my_cpp_pkg'
[0.505s] INFO:colcon.colcon_core.plugin_system:Skipping extension 'colcon_core.shell.bat': Not used on non-Windows systems
[0.505s] INFO:colcon.colcon_core.shell:Skip shell extension 'powershell' for command environment: Not usable outside of PowerShell
[0.505s] DEBUG:colcon.colcon_core.shell:Skip shell extension 'dsv' for command environment
[0.523s] DEBUG:colcon.colcon_core.event_handler.log_command:Invoking command in '/home/ibti/ros2_ws/build/my_cpp_pkg': CMAKE_PREFIX_PATH=${CMAKE_PREFIX_PATH}:/home/ibti/ros2_ws/install/my_py_pkg:/opt/ros/humble /usr/bin/cmake --build /home/ibti/ros2_ws/build/my_cpp_pkg -- -j1 -l1
[33.918s] DEBUG:colcon.colcon_core.event_handler.log_command:Invoked command in '/home/ibti/ros2_ws/build/my_cpp_pkg' returned '0': CMAKE_PREFIX_PATH=${CMAKE_PREFIX_PATH}:/home/ibti/ros2_ws/install/my_py_pkg:/opt/ros/humble /usr/bin/cmake --build /home/ibti/ros2_ws/build/my_cpp_pkg -- -j1 -l1
[33.946s] DEBUG:colcon.colcon_core.event_handler.log_command:Invoking command in '/home/ibti/ros2_ws/build/my_cpp_pkg': CMAKE_PREFIX_PATH=${CMAKE_PREFIX_PATH}:/home/ibti/ros2_ws/install/my_py_pkg:/opt/ros/humble /usr/bin/cmake --install /home/ibti/ros2_ws/build/my_cpp_pkg
[33.991s] Level 1:colcon.colcon_core.environment:create_environment_scripts_only(my_cpp_pkg)
[33.995s] Level 1:colcon.colcon_core.environment:checking '/home/ibti/ros2_ws/install/my_cpp_pkg' for CMake module files
[33.996s] Level 1:colcon.colcon_core.environment:checking '/home/ibti/ros2_ws/install/my_cpp_pkg' for CMake config files
[33.996s] Level 1:colcon.colcon_core.shell:create_environment_hook('my_cpp_pkg', 'cmake_prefix_path')
[33.996s] INFO:colcon.colcon_core.shell:Creating environment hook '/home/ibti/ros2_ws/install/my_cpp_pkg/share/my_cpp_pkg/hook/cmake_prefix_path.ps1'
[33.997s] DEBUG:colcon.colcon_core.event_handler.log_command:Invoked command in '/home/ibti/ros2_ws/build/my_cpp_pkg' returned '0': CMAKE_PREFIX_PATH=${CMAKE_PREFIX_PATH}:/home/ibti/ros2_ws/install/my_py_pkg:/opt/ros/humble /usr/bin/cmake --install /home/ibti/ros2_ws/build/my_cpp_pkg
[33.999s] INFO:colcon.colcon_core.shell:Creating environment descriptor '/home/ibti/ros2_ws/install/my_cpp_pkg/share/my_cpp_pkg/hook/cmake_prefix_path.dsv'
[34.000s] INFO:colcon.colcon_core.shell:Creating environment hook '/home/ibti/ros2_ws/install/my_cpp_pkg/share/my_cpp_pkg/hook/cmake_prefix_path.sh'
[34.001s] Level 1:colcon.colcon_core.environment:checking '/home/ibti/ros2_ws/install/my_cpp_pkg/lib'
[34.001s] Level 1:colcon.colcon_core.environment:checking '/home/ibti/ros2_ws/install/my_cpp_pkg/bin'
[34.002s] Level 1:colcon.colcon_core.environment:checking '/home/ibti/ros2_ws/install/my_cpp_pkg/lib/pkgconfig/my_cpp_pkg.pc'
[34.002s] Level 1:colcon.colcon_core.environment:checking '/home/ibti/ros2_ws/install/my_cpp_pkg/lib/python3.10/site-packages'
[34.002s] Level 1:colcon.colcon_core.environment:checking '/home/ibti/ros2_ws/install/my_cpp_pkg/bin'
[34.003s] INFO:colcon.colcon_core.shell:Creating package script '/home/ibti/ros2_ws/install/my_cpp_pkg/share/my_cpp_pkg/package.ps1'
[34.004s] INFO:colcon.colcon_core.shell:Creating package descriptor '/home/ibti/ros2_ws/install/my_cpp_pkg/share/my_cpp_pkg/package.dsv'
[34.005s] INFO:colcon.colcon_core.shell:Creating package script '/home/ibti/ros2_ws/install/my_cpp_pkg/share/my_cpp_pkg/package.sh'
[34.006s] INFO:colcon.colcon_core.shell:Creating package script '/home/ibti/ros2_ws/install/my_cpp_pkg/share/my_cpp_pkg/package.bash'
[34.007s] INFO:colcon.colcon_core.shell:Creating package script '/home/ibti/ros2_ws/install/my_cpp_pkg/share/my_cpp_pkg/package.zsh'
[34.009s] Level 1:colcon.colcon_core.environment:create_file_with_runtime_dependencies(/home/ibti/ros2_ws/install/my_cpp_pkg/share/colcon-core/packages/my_cpp_pkg)
[34.010s] Level 1:colcon.colcon_core.environment:create_environment_scripts_only(my_cpp_pkg)
[34.010s] Level 1:colcon.colcon_core.environment:checking '/home/ibti/ros2_ws/install/my_cpp_pkg' for CMake module files
[34.011s] Level 1:colcon.colcon_core.environment:checking '/home/ibti/ros2_ws/install/my_cpp_pkg' for CMake config files
[34.011s] Level 1:colcon.colcon_core.shell:create_environment_hook('my_cpp_pkg', 'cmake_prefix_path')
[34.011s] INFO:colcon.colcon_core.shell:Creating environment hook '/home/ibti/ros2_ws/install/my_cpp_pkg/share/my_cpp_pkg/hook/cmake_prefix_path.ps1'
[34.012s] INFO:colcon.colcon_core.shell:Creating environment descriptor '/home/ibti/ros2_ws/install/my_cpp_pkg/share/my_cpp_pkg/hook/cmake_prefix_path.dsv'
[34.013s] INFO:colcon.colcon_core.shell:Creating environment hook '/home/ibti/ros2_ws/install/my_cpp_pkg/share/my_cpp_pkg/hook/cmake_prefix_path.sh'
[34.013s] Level 1:colcon.colcon_core.environment:checking '/home/ibti/ros2_ws/install/my_cpp_pkg/lib'
[34.013s] Level 1:colcon.colcon_core.environment:checking '/home/ibti/ros2_ws/install/my_cpp_pkg/bin'
[34.014s] Level 1:colcon.colcon_core.environment:checking '/home/ibti/ros2_ws/install/my_cpp_pkg/lib/pkgconfig/my_cpp_pkg.pc'
[34.014s] Level 1:colcon.colcon_core.environment:checking '/home/ibti/ros2_ws/install/my_cpp_pkg/lib/python3.10/site-packages'
[34.014s] Level 1:colcon.colcon_core.environment:checking '/home/ibti/ros2_ws/install/my_cpp_pkg/bin'
[34.014s] INFO:colcon.colcon_core.shell:Creating package script '/home/ibti/ros2_ws/install/my_cpp_pkg/share/my_cpp_pkg/package.ps1'
[34.015s] INFO:colcon.colcon_core.shell:Creating package descriptor '/home/ibti/ros2_ws/install/my_cpp_pkg/share/my_cpp_pkg/package.dsv'
[34.016s] INFO:colcon.colcon_core.shell:Creating package script '/home/ibti/ros2_ws/install/my_cpp_pkg/share/my_cpp_pkg/package.sh'
[34.017s] INFO:colcon.colcon_core.shell:Creating package script '/home/ibti/ros2_ws/install/my_cpp_pkg/share/my_cpp_pkg/package.bash'
[34.018s] INFO:colcon.colcon_core.shell:Creating package script '/home/ibti/ros2_ws/install/my_cpp_pkg/share/my_cpp_pkg/package.zsh'
[34.019s] Level 1:colcon.colcon_core.environment:create_file_with_runtime_dependencies(/home/ibti/ros2_ws/install/my_cpp_pkg/share/colcon-core/packages/my_cpp_pkg)
[34.020s] INFO:colcon.colcon_ros.task.ament_python.build:Building ROS package in '/home/ibti/ros2_ws/src/my_py_pkg' with build type 'ament_python'
[34.020s] Level 1:colcon.colcon_core.shell:create_environment_hook('my_py_pkg', 'ament_prefix_path')
[34.020s] INFO:colcon.colcon_core.shell:Creating environment hook '/home/ibti/ros2_ws/install/my_py_pkg/share/my_py_pkg/hook/ament_prefix_path.ps1'
[34.023s] INFO:colcon.colcon_core.shell:Creating environment descriptor '/home/ibti/ros2_ws/install/my_py_pkg/share/my_py_pkg/hook/ament_prefix_path.dsv'
[34.023s] INFO:colcon.colcon_core.shell:Creating environment hook '/home/ibti/ros2_ws/install/my_py_pkg/share/my_py_pkg/hook/ament_prefix_path.sh'
[34.024s] INFO:colcon.colcon_core.shell:Skip shell extension 'powershell' for command environment: Not usable outside of PowerShell
[34.025s] DEBUG:colcon.colcon_core.shell:Skip shell extension 'dsv' for command environment
[34.473s] INFO:colcon.colcon_core.task.python.build:Building Python package in '/home/ibti/ros2_ws/src/my_py_pkg'
[34.473s] INFO:colcon.colcon_core.shell:Skip shell extension 'powershell' for command environment: Not usable outside of PowerShell
[34.473s] DEBUG:colcon.colcon_core.shell:Skip shell extension 'dsv' for command environment
[35.031s] DEBUG:colcon.colcon_core.event_handler.log_command:Invoking command in '/home/ibti/ros2_ws/src/my_py_pkg': PYTHONPATH=/home/ibti/ros2_ws/build/my_py_pkg/prefix_override:/usr/lib/python3/dist-packages/colcon_core/task/python/colcon_distutils_commands:/home/ibti/ros2_ws/install/my_py_pkg/lib/python3.10/site-packages:${PYTHONPATH} /usr/bin/python3 -W ignore:setup.py install is deprecated -W ignore:easy_install command is deprecated setup.py egg_info --egg-base ../../build/my_py_pkg build --build-base /home/ibti/ros2_ws/build/my_py_pkg/build install --record /home/ibti/ros2_ws/build/my_py_pkg/install.log --single-version-externally-managed install_data
[35.518s] Level 1:colcon.colcon_core.environment:checking '/home/ibti/ros2_ws/install/my_py_pkg' for CMake module files
[35.520s] DEBUG:colcon.colcon_core.event_handler.log_command:Invoked command in '/home/ibti/ros2_ws/src/my_py_pkg' returned '0': PYTHONPATH=/home/ibti/ros2_ws/build/my_py_pkg/prefix_override:/usr/lib/python3/dist-packages/colcon_core/task/python/colcon_distutils_commands:/home/ibti/ros2_ws/install/my_py_pkg/lib/python3.10/site-packages:${PYTHONPATH} /usr/bin/python3 -W ignore:setup.py install is deprecated -W ignore:easy_install command is deprecated setup.py egg_info --egg-base ../../build/my_py_pkg build --build-base /home/ibti/ros2_ws/build/my_py_pkg/build install --record /home/ibti/ros2_ws/build/my_py_pkg/install.log --single-version-externally-managed install_data
[35.521s] Level 1:colcon.colcon_core.environment:checking '/home/ibti/ros2_ws/install/my_py_pkg' for CMake config files
[35.527s] Level 1:colcon.colcon_core.environment:checking '/home/ibti/ros2_ws/install/my_py_pkg/lib'
[35.527s] Level 1:colcon.colcon_core.environment:checking '/home/ibti/ros2_ws/install/my_py_pkg/bin'
[35.528s] Level 1:colcon.colcon_core.environment:checking '/home/ibti/ros2_ws/install/my_py_pkg/lib/pkgconfig/my_py_pkg.pc'
[35.528s] Level 1:colcon.colcon_core.environment:checking '/home/ibti/ros2_ws/install/my_py_pkg/lib/python3.10/site-packages'
[35.528s] Level 1:colcon.colcon_core.shell:create_environment_hook('my_py_pkg', 'pythonpath')
[35.528s] INFO:colcon.colcon_core.shell:Creating environment hook '/home/ibti/ros2_ws/install/my_py_pkg/share/my_py_pkg/hook/pythonpath.ps1'
[35.529s] INFO:colcon.colcon_core.shell:Creating environment descriptor '/home/ibti/ros2_ws/install/my_py_pkg/share/my_py_pkg/hook/pythonpath.dsv'
[35.530s] INFO:colcon.colcon_core.shell:Creating environment hook '/home/ibti/ros2_ws/install/my_py_pkg/share/my_py_pkg/hook/pythonpath.sh'
[35.531s] Level 1:colcon.colcon_core.environment:checking '/home/ibti/ros2_ws/install/my_py_pkg/bin'
[35.531s] Level 1:colcon.colcon_core.environment:create_environment_scripts_only(my_py_pkg)
[35.532s] INFO:colcon.colcon_core.shell:Creating package script '/home/ibti/ros2_ws/install/my_py_pkg/share/my_py_pkg/package.ps1'
[35.532s] INFO:colcon.colcon_core.shell:Creating package descriptor '/home/ibti/ros2_ws/install/my_py_pkg/share/my_py_pkg/package.dsv'
[35.533s] INFO:colcon.colcon_core.shell:Creating package script '/home/ibti/ros2_ws/install/my_py_pkg/share/my_py_pkg/package.sh'
[35.534s] INFO:colcon.colcon_core.shell:Creating package script '/home/ibti/ros2_ws/install/my_py_pkg/share/my_py_pkg/package.bash'
[35.535s] INFO:colcon.colcon_core.shell:Creating package script '/home/ibti/ros2_ws/install/my_py_pkg/share/my_py_pkg/package.zsh'
[35.536s] Level 1:colcon.colcon_core.environment:create_file_with_runtime_dependencies(/home/ibti/ros2_ws/install/my_py_pkg/share/colcon-core/packages/my_py_pkg)
[35.536s] DEBUG:colcon.colcon_parallel_executor.executor.parallel:closing loop
[35.536s] DEBUG:colcon.colcon_parallel_executor.executor.parallel:loop closed
[35.536s] DEBUG:colcon.colcon_parallel_executor.executor.parallel:run_until_complete finished with '0'
[35.537s] DEBUG:colcon.colcon_core.event_reactor:joining thread
[35.546s] INFO:colcon.colcon_core.plugin_system:Skipping extension 'colcon_notification.desktop_notification.terminal_notifier': Not used on non-Darwin systems
[35.546s] INFO:colcon.colcon_core.plugin_system:Skipping extension 'colcon_notification.desktop_notification.win32': Not used on non-Windows systems
[35.546s] INFO:colcon.colcon_notification.desktop_notification:Sending desktop notification using 'notify2'
[35.628s] DEBUG:colcon.colcon_core.event_reactor:joined thread
[35.629s] INFO:colcon.colcon_core.shell:Creating prefix script '/home/ibti/ros2_ws/install/local_setup.ps1'
[35.631s] INFO:colcon.colcon_core.shell:Creating prefix util module '/home/ibti/ros2_ws/install/_local_setup_util_ps1.py'
[35.633s] INFO:colcon.colcon_core.shell:Creating prefix chain script '/home/ibti/ros2_ws/install/setup.ps1'
[35.639s] INFO:colcon.colcon_core.shell:Creating prefix script '/home/ibti/ros2_ws/install/local_setup.sh'
[35.641s] INFO:colcon.colcon_core.shell:Creating prefix util module '/home/ibti/ros2_ws/install/_local_setup_util_sh.py'
[35.643s] INFO:colcon.colcon_core.shell:Creating prefix chain script '/home/ibti/ros2_ws/install/setup.sh'
[35.648s] INFO:colcon.colcon_core.shell:Creating prefix script '/home/ibti/ros2_ws/install/local_setup.bash'
[35.649s] INFO:colcon.colcon_core.shell:Creating prefix chain script '/home/ibti/ros2_ws/install/setup.bash'
[35.651s] INFO:colcon.colcon_core.shell:Creating prefix script '/home/ibti/ros2_ws/install/local_setup.zsh'
[35.658s] INFO:colcon.colcon_core.shell:Creating prefix chain script '/home/ibti/ros2_ws/install/setup.zsh'
