[0.042s] Invoking command in '/home/ibti/ros2_ws/build/my_cpp_pkg': CMAKE_PREFIX_PATH=${CMAKE_PREFIX_PATH}:/home/ibti/ros2_ws/install/my_py_pkg:/opt/ros/humble /usr/bin/cmake --build /home/ibti/ros2_ws/build/my_cpp_pkg -- -j1 -l1
[0.275s] -- Found ament_cmake: 1.3.12 (/opt/ros/humble/share/ament_cmake/cmake)
[0.674s] -- Found rclcpp: 16.0.14 (/opt/ros/humble/share/rclcpp/cmake)
[0.825s] -- Found rosidl_generator_c: 3.1.7 (/opt/ros/humble/share/rosidl_generator_c/cmake)
[0.840s] -- Found rosidl_adapter: 3.1.7 (/opt/ros/humble/share/rosidl_adapter/cmake)
[0.878s] -- Found rosidl_generator_cpp: 3.1.7 (/opt/ros/humble/share/rosidl_generator_cpp/cmake)
[0.915s] -- Using all available rosidl_typesupport_c: rosidl_typesupport_fastrtps_c;rosidl_typesupport_introspection_c
[0.957s] -- Using all available rosidl_typesupport_cpp: rosidl_typesupport_fastrtps_cpp;rosidl_typesupport_introspection_cpp
[1.106s] -- Found rmw_implementation_cmake: 6.1.2 (/opt/ros/humble/share/rmw_implementation_cmake/cmake)
[1.121s] -- Found rmw_fastrtps_cpp: 6.2.8 (/opt/ros/humble/share/rmw_fastrtps_cpp/cmake)
[1.352s] -- Using RMW implementation 'rmw_fastrtps_cpp' as default
[1.535s] -- Found ament_lint_auto: 0.12.14 (/opt/ros/humble/share/ament_lint_auto/cmake)
[1.778s] -- Added test 'cppcheck' to perform static code analysis on C / C++ code
[1.780s] -- Configured cppcheck include dirs: 
[1.780s] -- Configured cppcheck exclude dirs and/or files: 
[1.781s] -- Added test 'lint_cmake' to check CMake code style
[1.783s] -- Added test 'uncrustify' to check C / C++ code style
[1.784s] -- Configured uncrustify additional arguments: 
[1.785s] -- Added test 'xmllint' to check XML markup files
[1.793s] -- Configuring done
[1.815s] [31mCMake Error at CMakeLists.txt:10 (add_executable):
[1.816s]   Cannot find source file:
[1.816s] 
[1.816s]     src/publisher_node.cpp
[1.816s] 
[1.816s]   Tried extensions .c .C .c++ .cc .cpp .cxx .cu .mpp .m .M .mm .ixx .cppm .h
[1.816s]   .hh .h++ .hm .hpp .hxx .in .txx .f .F .for .f77 .f90 .f95 .f03 .hip .ispc
[1.816s] 
[1.817s] [0m
[1.828s] [31mCMake Error at CMakeLists.txt:13 (add_executable):
[1.828s]   Cannot find source file:
[1.828s] 
[1.828s]     src/subscriber_node.cpp
[1.828s] 
[1.828s]   Tried extensions .c .C .c++ .cc .cpp .cxx .cu .mpp .m .M .mm .ixx .cppm .h
[1.828s]   .hh .h++ .hm .hpp .hxx .in .txx .f .F .for .f77 .f90 .f95 .f03 .hip .ispc
[1.828s] 
[1.828s] [0m
[1.834s] [31mCMake Error at CMakeLists.txt:10 (add_executable):
[1.834s]   No SOURCES given to target: talker
[1.834s] 
[1.834s] [0m
[1.836s] [31mCMake Error at CMakeLists.txt:13 (add_executable):
[1.837s]   No SOURCES given to target: listener
[1.837s] 
[1.838s] [0m
[1.838s] [0mCMake Generate step failed.  Build files cannot be regenerated correctly.[0m
[1.855s] gmake: *** [Makefile:226: cmake_check_build_system] Error 1
[1.859s] Invoked command in '/home/ibti/ros2_ws/build/my_cpp_pkg' returned '2': CMAKE_PREFIX_PATH=${CMAKE_PREFIX_PATH}:/home/ibti/ros2_ws/install/my_py_pkg:/opt/ros/humble /usr/bin/cmake --build /home/ibti/ros2_ws/build/my_cpp_pkg -- -j1 -l1
