[0.069s] Invoking command in '/home/ibti/ros2_ws/build/my_cpp_pkg': CMAKE_PREFIX_PATH=/home/ibti/ros2_ws/install/my_py_pkg:/opt/ros/humble /usr/bin/cmake /home/ibti/ros2_ws/src/my_cpp_pkg -DCMAKE_INSTALL_PREFIX=/home/ibti/ros2_ws/install/my_cpp_pkg
[1.515s] -- The C compiler identification is GNU 11.4.0
[2.356s] -- The CXX compiler identification is GNU 11.4.0
[2.432s] -- Detecting C compiler ABI info
[2.811s] -- Detecting C compiler ABI info - done
[2.833s] -- Check for working C compiler: /usr/bin/cc - skipped
[2.834s] -- Detecting C compile features
[2.844s] -- Detecting C compile features - done
[2.873s] -- Detecting CXX compiler ABI info
[3.205s] -- Detecting CXX compiler ABI info - done
[3.256s] -- Check for working CXX compiler: /usr/bin/c++ - skipped
[3.257s] -- Detecting CXX compile features
[3.257s] -- Detecting CXX compile features - done
[3.383s] -- Found ament_cmake: 1.3.12 (/opt/ros/humble/share/ament_cmake/cmake)
[3.966s] -- Found Python3: /usr/bin/python3 (found version "3.10.12") found components: Interpreter 
[4.581s] -- Found rclcpp: 16.0.14 (/opt/ros/humble/share/rclcpp/cmake)
[4.989s] -- Found rosidl_generator_c: 3.1.7 (/opt/ros/humble/share/rosidl_generator_c/cmake)
[5.025s] -- Found rosidl_adapter: 3.1.7 (/opt/ros/humble/share/rosidl_adapter/cmake)
[5.084s] -- Found rosidl_generator_cpp: 3.1.7 (/opt/ros/humble/share/rosidl_generator_cpp/cmake)
[5.226s] -- Using all available rosidl_typesupport_c: rosidl_typesupport_fastrtps_c;rosidl_typesupport_introspection_c
[5.376s] -- Using all available rosidl_typesupport_cpp: rosidl_typesupport_fastrtps_cpp;rosidl_typesupport_introspection_cpp
[5.714s] -- Found rmw_implementation_cmake: 6.1.2 (/opt/ros/humble/share/rmw_implementation_cmake/cmake)
[5.737s] -- Found rmw_fastrtps_cpp: 6.2.8 (/opt/ros/humble/share/rmw_fastrtps_cpp/cmake)
[6.248s] -- Found OpenSSL: /usr/lib/x86_64-linux-gnu/libcrypto.so (found version "3.0.2")  
[6.360s] -- Found FastRTPS: /opt/ros/humble/include  
[6.485s] -- Using RMW implementation 'rmw_fastrtps_cpp' as default
[6.602s] -- Looking for pthread.h
[8.789s] -- Looking for pthread.h - found
[8.790s] -- Performing Test CMAKE_HAVE_LIBC_PTHREAD
[9.092s] -- Performing Test CMAKE_HAVE_LIBC_PTHREAD - Success
[9.095s] -- Found Threads: TRUE  
[9.519s] -- Found ament_lint_auto: 0.12.14 (/opt/ros/humble/share/ament_lint_auto/cmake)
[10.153s] -- Added test 'lint_cmake' to check CMake code style
[10.164s] -- Added test 'xmllint' to check XML markup files
[10.177s] -- Configuring done
[10.227s] -- Generating done
[10.227s] -- Build files have been written to: /home/ibti/ros2_ws/build/my_cpp_pkg
[10.250s] Invoked command in '/home/ibti/ros2_ws/build/my_cpp_pkg' returned '0': CMAKE_PREFIX_PATH=/home/ibti/ros2_ws/install/my_py_pkg:/opt/ros/humble /usr/bin/cmake /home/ibti/ros2_ws/src/my_cpp_pkg -DCMAKE_INSTALL_PREFIX=/home/ibti/ros2_ws/install/my_cpp_pkg
[10.268s] Invoking command in '/home/ibti/ros2_ws/build/my_cpp_pkg': CMAKE_PREFIX_PATH=/home/ibti/ros2_ws/install/my_py_pkg:/opt/ros/humble /usr/bin/cmake --build /home/ibti/ros2_ws/build/my_cpp_pkg -- -j1 -l1
[10.407s] Invoked command in '/home/ibti/ros2_ws/build/my_cpp_pkg' returned '0': CMAKE_PREFIX_PATH=/home/ibti/ros2_ws/install/my_py_pkg:/opt/ros/humble /usr/bin/cmake --build /home/ibti/ros2_ws/build/my_cpp_pkg -- -j1 -l1
[10.439s] Invoking command in '/home/ibti/ros2_ws/build/my_cpp_pkg': CMAKE_PREFIX_PATH=/home/ibti/ros2_ws/install/my_py_pkg:/opt/ros/humble /usr/bin/cmake --install /home/ibti/ros2_ws/build/my_cpp_pkg
[10.462s] -- Install configuration: ""
[10.477s] -- Installing: /home/ibti/ros2_ws/install/my_cpp_pkg/share/ament_index/resource_index/package_run_dependencies/my_cpp_pkg
[10.477s] -- Installing: /home/ibti/ros2_ws/install/my_cpp_pkg/share/ament_index/resource_index/parent_prefix_path/my_cpp_pkg
[10.477s] -- Installing: /home/ibti/ros2_ws/install/my_cpp_pkg/share/my_cpp_pkg/environment/ament_prefix_path.sh
[10.477s] -- Installing: /home/ibti/ros2_ws/install/my_cpp_pkg/share/my_cpp_pkg/environment/ament_prefix_path.dsv
[10.477s] -- Installing: /home/ibti/ros2_ws/install/my_cpp_pkg/share/my_cpp_pkg/environment/path.sh
[10.477s] -- Installing: /home/ibti/ros2_ws/install/my_cpp_pkg/share/my_cpp_pkg/environment/path.dsv
[10.477s] -- Installing: /home/ibti/ros2_ws/install/my_cpp_pkg/share/my_cpp_pkg/local_setup.bash
[10.477s] -- Installing: /home/ibti/ros2_ws/install/my_cpp_pkg/share/my_cpp_pkg/local_setup.sh
[10.477s] -- Installing: /home/ibti/ros2_ws/install/my_cpp_pkg/share/my_cpp_pkg/local_setup.zsh
[10.477s] -- Installing: /home/ibti/ros2_ws/install/my_cpp_pkg/share/my_cpp_pkg/local_setup.dsv
[10.478s] -- Installing: /home/ibti/ros2_ws/install/my_cpp_pkg/share/my_cpp_pkg/package.dsv
[10.478s] -- Installing: /home/ibti/ros2_ws/install/my_cpp_pkg/share/ament_index/resource_index/packages/my_cpp_pkg
[10.478s] -- Installing: /home/ibti/ros2_ws/install/my_cpp_pkg/share/my_cpp_pkg/cmake/my_cpp_pkgConfig.cmake
[10.478s] -- Installing: /home/ibti/ros2_ws/install/my_cpp_pkg/share/my_cpp_pkg/cmake/my_cpp_pkgConfig-version.cmake
[10.478s] -- Installing: /home/ibti/ros2_ws/install/my_cpp_pkg/share/my_cpp_pkg/package.xml
[10.479s] Invoked command in '/home/ibti/ros2_ws/build/my_cpp_pkg' returned '0': CMAKE_PREFIX_PATH=/home/ibti/ros2_ws/install/my_py_pkg:/opt/ros/humble /usr/bin/cmake --install /home/ibti/ros2_ws/build/my_cpp_pkg
